#
# A fatal error has been detected by the Java Runtime Environment:
#
#  SIGFPE (0x8) at pc=0x00007ff81190097a, pid=91619, tid=259
#
# JRE version: OpenJDK Runtime Environment Temurin-17.0.7+7 (17.0.7+7) (build 17.0.7+7)
# Java VM: OpenJDK 64-Bit Server VM Temurin-17.0.7+7 (17.0.7+7, mixed mode, tiered, compressed oops, compressed class ptrs, g1 gc, bsd-amd64)
# Problematic frame:
# C  [libsystem_kernel.dylib+0x197a]  mach_msg_trap+0xa
#
# No core dump will be written. Core dumps have been disabled. To enable core dumping, try "ulimit -c unlimited" before starting Java again
#
# If you would like to submit a bug report, please visit:
#   https://github.com/adoptium/adoptium-support/issues
#

---------------  S U M M A R Y ------------

Command Line: -Xbootclasspath/a: -Xms256m -Xmx1024m -XX:+HeapDumpOnOutOfMemoryError -Dballerina.home=/Library/Ballerina/distributions/ballerina-2201.8.4 -Dballerina.version=2201.8.4 -Denable.nonblocking=false -Djava.security.egd=file:/dev/./urandom -Dfile.encoding=UTF8 -Dballerina.target=jvm -Djava.command=/Library/Ballerina/bin/../distributions/ballerina-2201.8.4/../../dependencies/jdk-17.0.7+7-jre/bin/java io.ballerina.cli.launcher.Main start-language-server

Host: "MacBookPro18,1" x86_64 (EMULATED) 2400 MHz, 10 cores, 16G, Darwin 21.6.0, macOS 10.16 (21G83)
Time: Fri Jan 19 10:36:23 2024 +0530 elapsed time: 8.951764 seconds (0d 0h 0m 8s)

---------------  T H R E A D  ---------------

Current thread is native thread

Stack: [0x000000030bd65000,0x000000030c565000],  sp=0x000000030c55ec48,  free space=8167k
Native frames: (J=compiled Java code, j=interpreted, Vv=VM code, C=native code)
C  [libsystem_kernel.dylib+0x197a]  mach_msg_trap+0xa
C  [CoreFoundation+0x7f560]  __CFRunLoopServiceMachPort+0x13f
C  [CoreFoundation+0x7dbf0]  __CFRunLoopRun+0x4fc
C  [CoreFoundation+0x7d034]  CFRunLoopRunSpecific+0x232
C  [libjli.dylib+0x6f32]  CreateExecutionEnvironment+0x192
C  [libjli.dylib+0x2955]  JLI_Launch+0x605
C  [java+0xc0e]  main+0x19e
C  0x000000020439452e


siginfo: si_signo: 8 (SIGFPE), si_code: 7 (FPE_INTDIV), si_addr: 0x00007ff81190097a

Registers:
RAX=0x0000000010004005, RBX=0x0000000000000c00, RCX=0x0000000000000c00, RDX=0x0000000007000806
RSP=0x000000030c55ec48, RBP=0x000000030c55eca0, RSI=0x0000000007000806, RDI=0x000000030c55ee30
R8 =0x0000000000001603, R9 =0x00000000ffffffff, R10=0x0000000000000c00, R11=0x00007fd80af113e8
R12=0x0000000000001603, R13=0x000000030c55ee30, R14=0x0000000000000000, R15=0x0000000007000806
RIP=0x00007ff81190097a, EFLAGS=0x0000000000000206, ERR=0x0000000000000000
  TRAPNO=0x00000000000000de

Top of Stack: (sp=0x000000030c55ec48)
0x000000030c55ec48:   00007ff811900ce8 0000000000000000
0x000000030c55ec58:   00000000ffffffff 0000000307000806
0x000000030c55ec68:   000000030c55ee30 ffffffff00000000
0x000000030c55ec78:   00007fd80af11540 0000000000001603
0x000000030c55ec88:   000000030c55ee30 00007fd80af113c0
0x000000030c55ec98:   000000030c55eda8 000000030c55ed20
0x000000030c55eca8:   00007ff811a03560 00007fd800000000
0x000000030c55ecb8:   0000000000000000 000000030c55edb8
0x000000030c55ecc8:   000000030c55eda4 070008061161c000
0x000000030c55ecd8:   0000000000000000 000000030c55edb0
0x000000030c55ece8:   00000000ffffffff 00001603ffffffff
0x000000030c55ecf8:   0000000000000000 0000000000001603
0x000000030c55ed08:   00000000ffffffff 00007fd80af113c0
0x000000030c55ed18:   00007fd80af11540 000000030c55fa60
0x000000030c55ed28:   00007ff811a01bf0 00007fd80af113c0
0x000000030c55ed38:   00007fd80af11540 00000002043cb288
0x000000030c55ed48:   0000000000001703 00007fd80af115f8
0x000000030c55ed58:   00007ff85445dd70 0000000000002903
0x000000030c55ed68:   0000000000000000 4415af1d78b58c00
0x000000030c55ed78:   ffffffffffffffff 00007fd80af11550
0x000000030c55ed88:   00007fd80af113d0 0000000000001703
0x000000030c55ed98:   41c5ad1d631eb0c0 0000000000002903
0x000000030c55eda8:   000000030c55ee30 0000000000000000
0x000000030c55edb8:   ffffffffffffffff 00007ff81cb26000
0x000000030c55edc8:   00007ff81cae2000 00007ff81cb0b000
0x000000030c55edd8:   00007ff81cb01000 00007ff8116c5000
0x000000030c55ede8:   00007ff811783000 00007ff811943000
0x000000030c55edf8:   00007ff81cb1d000 00007ff81cac0000
0x000000030c55ee08:   00007ff81c13b000 00007ff81cb1b000
0x000000030c55ee18:   00007ff81680e000 00007ff81166e000
0x000000030c55ee28:   00007ff811807000 00000c0000000000
0x000000030c55ee38:   0000160300000000 000000001a716000 

Instructions: (pc=0x00007ff81190097a)
0x00007ff81190087a:   44 89 f0 48 83 c4 08 5b 41 5c 41 5d 41 5e 41 5f
0x00007ff81190088a:   5d c3 49 89 ca b8 0a 00 00 01 0f 05 c3 90 49 89
0x00007ff81190089a:   ca b8 0b 00 00 01 0f 05 c3 90 49 89 ca b8 0c 00
0x00007ff8119008aa:   00 01 0f 05 c3 90 49 89 ca b8 0d 00 00 01 0f 05
0x00007ff8119008ba:   c3 90 49 89 ca b8 0e 00 00 01 0f 05 c3 90 49 89
0x00007ff8119008ca:   ca b8 0f 00 00 01 0f 05 c3 90 49 89 ca b8 10 00
0x00007ff8119008da:   00 01 0f 05 c3 90 49 89 ca b8 12 00 00 01 0f 05
0x00007ff8119008ea:   c3 90 49 89 ca b8 13 00 00 01 0f 05 c3 90 49 89
0x00007ff8119008fa:   ca b8 14 00 00 01 0f 05 c3 90 49 89 ca b8 15 00
0x00007ff81190090a:   00 01 0f 05 c3 90 49 89 ca b8 16 00 00 01 0f 05
0x00007ff81190091a:   c3 90 49 89 ca b8 17 00 00 01 0f 05 c3 90 49 89
0x00007ff81190092a:   ca b8 18 00 00 01 0f 05 c3 90 49 89 ca b8 19 00
0x00007ff81190093a:   00 01 0f 05 c3 90 49 89 ca b8 1a 00 00 01 0f 05
0x00007ff81190094a:   c3 90 49 89 ca b8 1b 00 00 01 0f 05 c3 90 49 89
0x00007ff81190095a:   ca b8 1c 00 00 01 0f 05 c3 90 49 89 ca b8 1d 00
0x00007ff81190096a:   00 01 0f 05 c3 90 49 89 ca b8 1f 00 00 01 0f 05
0x00007ff81190097a:   c3 90 49 89 ca b8 20 00 00 01 0f 05 c3 90 49 89
0x00007ff81190098a:   ca b8 21 00 00 01 0f 05 c3 90 49 89 ca b8 22 00
0x00007ff81190099a:   00 01 0f 05 c3 90 49 89 ca b8 23 00 00 01 0f 05
0x00007ff8119009aa:   c3 90 49 89 ca b8 24 00 00 01 0f 05 c3 90 49 89
0x00007ff8119009ba:   ca b8 25 00 00 01 0f 05 c3 90 49 89 ca b8 26 00
0x00007ff8119009ca:   00 01 0f 05 c3 90 49 89 ca b8 27 00 00 01 0f 05
0x00007ff8119009da:   c3 90 49 89 ca b8 28 00 00 01 0f 05 c3 90 49 89
0x00007ff8119009ea:   ca b8 29 00 00 01 0f 05 c3 90 49 89 ca b8 2a 00
0x00007ff8119009fa:   00 01 0f 05 c3 90 49 89 ca b8 2b 00 00 01 0f 05
0x00007ff811900a0a:   c3 90 49 89 ca b8 2c 00 00 01 0f 05 c3 90 49 89
0x00007ff811900a1a:   ca b8 2d 00 00 01 0f 05 c3 90 49 89 ca b8 2e 00
0x00007ff811900a2a:   00 01 0f 05 c3 90 49 89 ca b8 30 00 00 01 0f 05
0x00007ff811900a3a:   c3 90 49 89 ca b8 31 00 00 01 0f 05 c3 90 49 89
0x00007ff811900a4a:   ca b8 32 00 00 01 0f 05 c3 90 49 89 ca b8 33 00
0x00007ff811900a5a:   00 01 0f 05 c3 90 49 89 ca b8 34 00 00 01 0f 05
0x00007ff811900a6a:   c3 90 49 89 ca b8 35 00 00 01 0f 05 c3 90 49 89 



---------------  P R O C E S S  ---------------

VM state: not at safepoint (normal execution)

VM Mutex/Monitor currently owned by a thread: None

Heap address: 0x00000007c0000000, size: 1024 MB, Compressed Oops mode: Zero based, Oop shift amount: 3

CDS archive(s) not mapped
Compressed class space mapped at: 0x0000000800000000-0x0000000840000000, reserved size: 1073741824
Narrow klass base: 0x0000000800000000, Narrow klass shift: 0, Narrow klass range: 0x40000000

GC Precious Log:
<Skipped>

Heap:
 garbage-first heap   total 262144K, used 137687K [0x00000007c0000000, 0x0000000800000000)
  region size 1024K, 19 young (19456K), 14 survivors (14336K)
 Metaspace       used 46779K, committed 47104K, reserved 1114112K
  class space    used 4728K, committed 4864K, reserved 1048576K

Heap Regions: E=young(eden), S=young(survivor), O=old, HS=humongous(starts), HC=humongous(continues), CS=collection set, F=free, OA=open archive, CA=closed archive, TAMS=top-at-mark-start (previous, next)
|   0|0x00000007c0000000, 0x00000007c0100000, 0x00000007c0100000|100%|HS|  |TAMS 0x00000007c0100000, 0x00000007c0000000| Complete 
|   1|0x00000007c0100000, 0x00000007c0200000, 0x00000007c0200000|100%|HS|  |TAMS 0x00000007c0200000, 0x00000007c0100000| Complete 
|   2|0x00000007c0200000, 0x00000007c0300000, 0x00000007c0300000|100%|HS|  |TAMS 0x00000007c0300000, 0x00000007c0200000| Complete 
|   3|0x00000007c0300000, 0x00000007c0400000, 0x00000007c0400000|100%|HS|  |TAMS 0x00000007c0400000, 0x00000007c0300000| Complete 
|   4|0x00000007c0400000, 0x00000007c0500000, 0x00000007c0500000|100%| O|  |TAMS 0x00000007c0500000, 0x00000007c0400000| Untracked 
|   5|0x00000007c0500000, 0x00000007c0600000, 0x00000007c0600000|100%| O|  |TAMS 0x00000007c0600000, 0x00000007c0500000| Untracked 
|   6|0x00000007c0600000, 0x00000007c0700000, 0x00000007c0700000|100%| O|  |TAMS 0x00000007c0700000, 0x00000007c0600000| Untracked 
|   7|0x00000007c0700000, 0x00000007c0800000, 0x00000007c0800000|100%| O|  |TAMS 0x00000007c0800000, 0x00000007c0700000| Untracked 
|   8|0x00000007c0800000, 0x00000007c0900000, 0x00000007c0900000|100%| O|  |TAMS 0x00000007c0800000, 0x00000007c0800000| Untracked 
|   9|0x00000007c0900000, 0x00000007c0a00000, 0x00000007c0a00000|100%| O|  |TAMS 0x00000007c0a00000, 0x00000007c0900000| Untracked 
|  10|0x00000007c0a00000, 0x00000007c0b00000, 0x00000007c0b00000|100%| O|  |TAMS 0x00000007c0b00000, 0x00000007c0a00000| Untracked 
|  11|0x00000007c0b00000, 0x00000007c0c00000, 0x00000007c0c00000|100%| O|  |TAMS 0x00000007c0c00000, 0x00000007c0b00000| Untracked 
|  12|0x00000007c0c00000, 0x00000007c0d00000, 0x00000007c0d00000|100%| O|  |TAMS 0x00000007c0d00000, 0x00000007c0c00000| Untracked 
|  13|0x00000007c0d00000, 0x00000007c0e00000, 0x00000007c0e00000|100%| O|  |TAMS 0x00000007c0e00000, 0x00000007c0d00000| Untracked 
|  14|0x00000007c0e00000, 0x00000007c0f00000, 0x00000007c0f00000|100%| O|  |TAMS 0x00000007c0f00000, 0x00000007c0e00000| Untracked 
|  15|0x00000007c0f00000, 0x00000007c1000000, 0x00000007c1000000|100%| O|  |TAMS 0x00000007c1000000, 0x00000007c0f00000| Untracked 
|  16|0x00000007c1000000, 0x00000007c1100000, 0x00000007c1100000|100%| O|  |TAMS 0x00000007c1100000, 0x00000007c1000000| Untracked 
|  17|0x00000007c1100000, 0x00000007c1200000, 0x00000007c1200000|100%| O|  |TAMS 0x00000007c1200000, 0x00000007c1100000| Untracked 
|  18|0x00000007c1200000, 0x00000007c1300000, 0x00000007c1300000|100%| O|  |TAMS 0x00000007c1200000, 0x00000007c1200000| Untracked 
|  19|0x00000007c1300000, 0x00000007c1400000, 0x00000007c1400000|100%| O|  |TAMS 0x00000007c1342c00, 0x00000007c1300000| Untracked 
|  20|0x00000007c1400000, 0x00000007c1500000, 0x00000007c1500000|100%| O|  |TAMS 0x00000007c1400000, 0x00000007c1400000| Untracked 
|  21|0x00000007c1500000, 0x00000007c1600000, 0x00000007c1600000|100%| O|  |TAMS 0x00000007c1500000, 0x00000007c1500000| Untracked 
|  22|0x00000007c1600000, 0x00000007c1700000, 0x00000007c1700000|100%| O|  |TAMS 0x00000007c1600000, 0x00000007c1600000| Untracked 
|  23|0x00000007c1700000, 0x00000007c17ffff8, 0x00000007c1800000| 99%| O|  |TAMS 0x00000007c1700000, 0x00000007c1700000| Untracked 
|  24|0x00000007c1800000, 0x00000007c1900000, 0x00000007c1900000|100%| O|  |TAMS 0x00000007c1800000, 0x00000007c1800000| Untracked 
|  25|0x00000007c1900000, 0x00000007c1a00000, 0x00000007c1a00000|100%| O|  |TAMS 0x00000007c1900000, 0x00000007c1900000| Untracked 
|  26|0x00000007c1a00000, 0x00000007c1b00000, 0x00000007c1b00000|100%| O|  |TAMS 0x00000007c1a00000, 0x00000007c1a00000| Untracked 
|  27|0x00000007c1b00000, 0x00000007c1c00000, 0x00000007c1c00000|100%| O|  |TAMS 0x00000007c1b00000, 0x00000007c1b00000| Untracked 
|  28|0x00000007c1c00000, 0x00000007c1d00000, 0x00000007c1d00000|100%| O|  |TAMS 0x00000007c1c00000, 0x00000007c1c00000| Untracked 
|  29|0x00000007c1d00000, 0x00000007c1e00000, 0x00000007c1e00000|100%| O|  |TAMS 0x00000007c1d00000, 0x00000007c1d00000| Untracked 
|  30|0x00000007c1e00000, 0x00000007c1f00000, 0x00000007c1f00000|100%| O|  |TAMS 0x00000007c1e00000, 0x00000007c1e00000| Untracked 
|  31|0x00000007c1f00000, 0x00000007c2000000, 0x00000007c2000000|100%| O|  |TAMS 0x00000007c1f00000, 0x00000007c1f00000| Untracked 
|  32|0x00000007c2000000, 0x00000007c2100000, 0x00000007c2100000|100%| O|  |TAMS 0x00000007c2000000, 0x00000007c2000000| Untracked 
|  33|0x00000007c2100000, 0x00000007c2200000, 0x00000007c2200000|100%| O|  |TAMS 0x00000007c2100000, 0x00000007c2100000| Untracked 
|  34|0x00000007c2200000, 0x00000007c2300000, 0x00000007c2300000|100%| O|  |TAMS 0x00000007c2200000, 0x00000007c2200000| Untracked 
|  35|0x00000007c2300000, 0x00000007c2400000, 0x00000007c2400000|100%| O|  |TAMS 0x00000007c2300000, 0x00000007c2300000| Untracked 
|  36|0x00000007c2400000, 0x00000007c2500000, 0x00000007c2500000|100%| O|  |TAMS 0x00000007c2400000, 0x00000007c2400000| Untracked 
|  37|0x00000007c2500000, 0x00000007c2600000, 0x00000007c2600000|100%| O|  |TAMS 0x00000007c2500000, 0x00000007c2500000| Untracked 
|  38|0x00000007c2600000, 0x00000007c2700000, 0x00000007c2700000|100%| O|  |TAMS 0x00000007c2600000, 0x00000007c2600000| Untracked 
|  39|0x00000007c2700000, 0x00000007c2800000, 0x00000007c2800000|100%| O|  |TAMS 0x00000007c2700000, 0x00000007c2700000| Untracked 
|  40|0x00000007c2800000, 0x00000007c2900000, 0x00000007c2900000|100%| O|  |TAMS 0x00000007c2800000, 0x00000007c2800000| Untracked 
|  41|0x00000007c2900000, 0x00000007c2a00000, 0x00000007c2a00000|100%| O|  |TAMS 0x00000007c2900000, 0x00000007c2900000| Untracked 
|  42|0x00000007c2a00000, 0x00000007c2b00000, 0x00000007c2b00000|100%| O|  |TAMS 0x00000007c2a00000, 0x00000007c2a00000| Untracked 
|  43|0x00000007c2b00000, 0x00000007c2c00000, 0x00000007c2c00000|100%| O|  |TAMS 0x00000007c2b00000, 0x00000007c2b00000| Untracked 
|  44|0x00000007c2c00000, 0x00000007c2d00000, 0x00000007c2d00000|100%| O|  |TAMS 0x00000007c2c00000, 0x00000007c2c00000| Untracked 
|  45|0x00000007c2d00000, 0x00000007c2e00000, 0x00000007c2e00000|100%| O|  |TAMS 0x00000007c2d00000, 0x00000007c2d00000| Untracked 
|  46|0x00000007c2e00000, 0x00000007c2f00000, 0x00000007c2f00000|100%| O|  |TAMS 0x00000007c2e00000, 0x00000007c2e00000| Untracked 
|  47|0x00000007c2f00000, 0x00000007c3000000, 0x00000007c3000000|100%| O|  |TAMS 0x00000007c2f00000, 0x00000007c2f00000| Untracked 
|  48|0x00000007c3000000, 0x00000007c3100000, 0x00000007c3100000|100%| O|  |TAMS 0x00000007c3000000, 0x00000007c3000000| Untracked 
|  49|0x00000007c3100000, 0x00000007c3200000, 0x00000007c3200000|100%| O|  |TAMS 0x00000007c3100000, 0x00000007c3100000| Untracked 
|  50|0x00000007c3200000, 0x00000007c3300000, 0x00000007c3300000|100%| O|  |TAMS 0x00000007c3200000, 0x00000007c3200000| Untracked 
|  51|0x00000007c3300000, 0x00000007c3400000, 0x00000007c3400000|100%| O|  |TAMS 0x00000007c3300000, 0x00000007c3300000| Untracked 
|  52|0x00000007c3400000, 0x00000007c3500000, 0x00000007c3500000|100%| O|  |TAMS 0x00000007c3400000, 0x00000007c3400000| Untracked 
|  53|0x00000007c3500000, 0x00000007c3600000, 0x00000007c3600000|100%| O|  |TAMS 0x00000007c3500000, 0x00000007c3500000| Untracked 
|  54|0x00000007c3600000, 0x00000007c3700000, 0x00000007c3700000|100%| O|  |TAMS 0x00000007c3600000, 0x00000007c3600000| Untracked 
|  55|0x00000007c3700000, 0x00000007c3800000, 0x00000007c3800000|100%| O|  |TAMS 0x00000007c3700000, 0x00000007c3700000| Untracked 
|  56|0x00000007c3800000, 0x00000007c3900000, 0x00000007c3900000|100%| O|  |TAMS 0x00000007c3800000, 0x00000007c3800000| Untracked 
|  57|0x00000007c3900000, 0x00000007c3a00000, 0x00000007c3a00000|100%| O|  |TAMS 0x00000007c3900000, 0x00000007c3900000| Untracked 
|  58|0x00000007c3a00000, 0x00000007c3b00000, 0x00000007c3b00000|100%| O|  |TAMS 0x00000007c3a00000, 0x00000007c3a00000| Untracked 
|  59|0x00000007c3b00000, 0x00000007c3c00000, 0x00000007c3c00000|100%| O|  |TAMS 0x00000007c3b00000, 0x00000007c3b00000| Untracked 
|  60|0x00000007c3c00000, 0x00000007c3d00000, 0x00000007c3d00000|100%| O|  |TAMS 0x00000007c3c00000, 0x00000007c3c00000| Untracked 
|  61|0x00000007c3d00000, 0x00000007c3e00000, 0x00000007c3e00000|100%| O|  |TAMS 0x00000007c3d00000, 0x00000007c3d00000| Untracked 
|  62|0x00000007c3e00000, 0x00000007c3f00000, 0x00000007c3f00000|100%| O|  |TAMS 0x00000007c3e00000, 0x00000007c3e00000| Untracked 
|  63|0x00000007c3f00000, 0x00000007c4000000, 0x00000007c4000000|100%| O|  |TAMS 0x00000007c3f00000, 0x00000007c3f00000| Untracked 
|  64|0x00000007c4000000, 0x00000007c4100000, 0x00000007c4100000|100%| O|  |TAMS 0x00000007c4000000, 0x00000007c4000000| Untracked 
|  65|0x00000007c4100000, 0x00000007c4200000, 0x00000007c4200000|100%| O|  |TAMS 0x00000007c4100000, 0x00000007c4100000| Untracked 
|  66|0x00000007c4200000, 0x00000007c4300000, 0x00000007c4300000|100%| O|  |TAMS 0x00000007c4200000, 0x00000007c4200000| Untracked 
|  67|0x00000007c4300000, 0x00000007c4400000, 0x00000007c4400000|100%| O|  |TAMS 0x00000007c4300000, 0x00000007c4300000| Untracked 
|  68|0x00000007c4400000, 0x00000007c4500000, 0x00000007c4500000|100%| O|  |TAMS 0x00000007c4400000, 0x00000007c4400000| Untracked 
|  69|0x00000007c4500000, 0x00000007c4600000, 0x00000007c4600000|100%| O|  |TAMS 0x00000007c4500000, 0x00000007c4500000| Untracked 
|  70|0x00000007c4600000, 0x00000007c4700000, 0x00000007c4700000|100%| O|  |TAMS 0x00000007c4600000, 0x00000007c4600000| Untracked 
|  71|0x00000007c4700000, 0x00000007c4800000, 0x00000007c4800000|100%| O|  |TAMS 0x00000007c4700000, 0x00000007c4700000| Untracked 
|  72|0x00000007c4800000, 0x00000007c4900000, 0x00000007c4900000|100%| O|  |TAMS 0x00000007c4800000, 0x00000007c4800000| Untracked 
|  73|0x00000007c4900000, 0x00000007c4a00000, 0x00000007c4a00000|100%| O|  |TAMS 0x00000007c4900000, 0x00000007c4900000| Untracked 
|  74|0x00000007c4a00000, 0x00000007c4b00000, 0x00000007c4b00000|100%| O|  |TAMS 0x00000007c4a00000, 0x00000007c4a00000| Untracked 
|  75|0x00000007c4b00000, 0x00000007c4c00000, 0x00000007c4c00000|100%| O|  |TAMS 0x00000007c4b00000, 0x00000007c4b00000| Untracked 
|  76|0x00000007c4c00000, 0x00000007c4d00000, 0x00000007c4d00000|100%|HS|  |TAMS 0x00000007c4c00000, 0x00000007c4c00000| Complete 
|  77|0x00000007c4d00000, 0x00000007c4e00000, 0x00000007c4e00000|100%|HC|  |TAMS 0x00000007c4d00000, 0x00000007c4d00000| Complete 
|  78|0x00000007c4e00000, 0x00000007c4f00000, 0x00000007c4f00000|100%| O|  |TAMS 0x00000007c4e00000, 0x00000007c4e00000| Untracked 
|  79|0x00000007c4f00000, 0x00000007c5000000, 0x00000007c5000000|100%|HS|  |TAMS 0x00000007c4f00000, 0x00000007c4f00000| Complete 
|  80|0x00000007c5000000, 0x00000007c5100000, 0x00000007c5100000|100%|HC|  |TAMS 0x00000007c5000000, 0x00000007c5000000| Complete 
|  81|0x00000007c5100000, 0x00000007c5200000, 0x00000007c5200000|100%|HC|  |TAMS 0x00000007c5100000, 0x00000007c5100000| Complete 
|  82|0x00000007c5200000, 0x00000007c5300000, 0x00000007c5300000|100%|HS|  |TAMS 0x00000007c5200000, 0x00000007c5200000| Complete 
|  83|0x00000007c5300000, 0x00000007c5400000, 0x00000007c5400000|100%|HC|  |TAMS 0x00000007c5300000, 0x00000007c5300000| Complete 
|  84|0x00000007c5400000, 0x00000007c5500000, 0x00000007c5500000|100%|HC|  |TAMS 0x00000007c5400000, 0x00000007c5400000| Complete 
|  85|0x00000007c5500000, 0x00000007c5600000, 0x00000007c5600000|100%| O|  |TAMS 0x00000007c5500000, 0x00000007c5500000| Untracked 
|  86|0x00000007c5600000, 0x00000007c5700000, 0x00000007c5700000|100%| O|  |TAMS 0x00000007c5600000, 0x00000007c5600000| Untracked 
|  87|0x00000007c5700000, 0x00000007c5800000, 0x00000007c5800000|100%|HS|  |TAMS 0x00000007c5700000, 0x00000007c5700000| Complete 
|  88|0x00000007c5800000, 0x00000007c5900000, 0x00000007c5900000|100%|HC|  |TAMS 0x00000007c5800000, 0x00000007c5800000| Complete 
|  89|0x00000007c5900000, 0x00000007c5a00000, 0x00000007c5a00000|100%| O|  |TAMS 0x00000007c5900000, 0x00000007c5900000| Untracked 
|  90|0x00000007c5a00000, 0x00000007c5b00000, 0x00000007c5b00000|100%| O|  |TAMS 0x00000007c5a00000, 0x00000007c5a00000| Untracked 
|  91|0x00000007c5b00000, 0x00000007c5c00000, 0x00000007c5c00000|100%| O|  |TAMS 0x00000007c5b00000, 0x00000007c5b00000| Untracked 
|  92|0x00000007c5c00000, 0x00000007c5d00000, 0x00000007c5d00000|100%| O|  |TAMS 0x00000007c5c00000, 0x00000007c5c00000| Untracked 
|  93|0x00000007c5d00000, 0x00000007c5e00000, 0x00000007c5e00000|100%| O|  |TAMS 0x00000007c5d00000, 0x00000007c5d00000| Untracked 
|  94|0x00000007c5e00000, 0x00000007c5f00000, 0x00000007c5f00000|100%| O|  |TAMS 0x00000007c5e00000, 0x00000007c5e00000| Untracked 
|  95|0x00000007c5f00000, 0x00000007c6000000, 0x00000007c6000000|100%| O|  |TAMS 0x00000007c5f00000, 0x00000007c5f00000| Untracked 
|  96|0x00000007c6000000, 0x00000007c6100000, 0x00000007c6100000|100%| O|  |TAMS 0x00000007c6000000, 0x00000007c6000000| Untracked 
|  97|0x00000007c6100000, 0x00000007c6200000, 0x00000007c6200000|100%| O|  |TAMS 0x00000007c6100000, 0x00000007c6100000| Untracked 
|  98|0x00000007c6200000, 0x00000007c6300000, 0x00000007c6300000|100%| O|  |TAMS 0x00000007c6200000, 0x00000007c6200000| Untracked 
|  99|0x00000007c6300000, 0x00000007c6400000, 0x00000007c6400000|100%| O|  |TAMS 0x00000007c6300000, 0x00000007c6300000| Untracked 
| 100|0x00000007c6400000, 0x00000007c6500000, 0x00000007c6500000|100%| O|  |TAMS 0x00000007c6400000, 0x00000007c6400000| Untracked 
| 101|0x00000007c6500000, 0x00000007c6600000, 0x00000007c6600000|100%| O|  |TAMS 0x00000007c6500000, 0x00000007c6500000| Untracked 
| 102|0x00000007c6600000, 0x00000007c6700000, 0x00000007c6700000|100%| O|  |TAMS 0x00000007c6600000, 0x00000007c6600000| Untracked 
| 103|0x00000007c6700000, 0x00000007c6800000, 0x00000007c6800000|100%| O|  |TAMS 0x00000007c6700000, 0x00000007c6700000| Untracked 
| 104|0x00000007c6800000, 0x00000007c6900000, 0x00000007c6900000|100%| O|  |TAMS 0x00000007c6800000, 0x00000007c6800000| Untracked 
| 105|0x00000007c6900000, 0x00000007c6a00000, 0x00000007c6a00000|100%| O|  |TAMS 0x00000007c6900000, 0x00000007c6900000| Untracked 
| 106|0x00000007c6a00000, 0x00000007c6b00000, 0x00000007c6b00000|100%| O|  |TAMS 0x00000007c6a00000, 0x00000007c6a00000| Untracked 
| 107|0x00000007c6b00000, 0x00000007c6c00000, 0x00000007c6c00000|100%| O|  |TAMS 0x00000007c6b00000, 0x00000007c6b00000| Untracked 
| 108|0x00000007c6c00000, 0x00000007c6d00000, 0x00000007c6d00000|100%| O|  |TAMS 0x00000007c6c00000, 0x00000007c6c00000| Untracked 
| 109|0x00000007c6d00000, 0x00000007c6d00000, 0x00000007c6e00000|  0%| F|  |TAMS 0x00000007c6d00000, 0x00000007c6d00000| Untracked 
| 110|0x00000007c6e00000, 0x00000007c6e00000, 0x00000007c6f00000|  0%| F|  |TAMS 0x00000007c6e00000, 0x00000007c6e00000| Untracked 
| 111|0x00000007c6f00000, 0x00000007c6f00000, 0x00000007c7000000|  0%| F|  |TAMS 0x00000007c6f00000, 0x00000007c6f00000| Untracked 
| 112|0x00000007c7000000, 0x00000007c7000000, 0x00000007c7100000|  0%| F|  |TAMS 0x00000007c7000000, 0x00000007c7000000| Untracked 
| 113|0x00000007c7100000, 0x00000007c7100000, 0x00000007c7200000|  0%| F|  |TAMS 0x00000007c7100000, 0x00000007c7100000| Untracked 
| 114|0x00000007c7200000, 0x00000007c7200000, 0x00000007c7300000|  0%| F|  |TAMS 0x00000007c7200000, 0x00000007c7200000| Untracked 
| 115|0x00000007c7300000, 0x00000007c7300000, 0x00000007c7400000|  0%| F|  |TAMS 0x00000007c7300000, 0x00000007c7300000| Untracked 
| 116|0x00000007c7400000, 0x00000007c7400000, 0x00000007c7500000|  0%| F|  |TAMS 0x00000007c7400000, 0x00000007c7400000| Untracked 
| 117|0x00000007c7500000, 0x00000007c7500000, 0x00000007c7600000|  0%| F|  |TAMS 0x00000007c7500000, 0x00000007c7500000| Untracked 
| 118|0x00000007c7600000, 0x00000007c7600000, 0x00000007c7700000|  0%| F|  |TAMS 0x00000007c7600000, 0x00000007c7600000| Untracked 
| 119|0x00000007c7700000, 0x00000007c7700000, 0x00000007c7800000|  0%| F|  |TAMS 0x00000007c7700000, 0x00000007c7700000| Untracked 
| 120|0x00000007c7800000, 0x00000007c7800000, 0x00000007c7900000|  0%| F|  |TAMS 0x00000007c7800000, 0x00000007c7800000| Untracked 
| 121|0x00000007c7900000, 0x00000007c7900000, 0x00000007c7a00000|  0%| F|  |TAMS 0x00000007c7900000, 0x00000007c7900000| Untracked 
| 122|0x00000007c7a00000, 0x00000007c7a00000, 0x00000007c7b00000|  0%| F|  |TAMS 0x00000007c7a00000, 0x00000007c7a00000| Untracked 
| 123|0x00000007c7b00000, 0x00000007c7b00000, 0x00000007c7c00000|  0%| F|  |TAMS 0x00000007c7b00000, 0x00000007c7b00000| Untracked 
| 124|0x00000007c7c00000, 0x00000007c7c00000, 0x00000007c7d00000|  0%| F|  |TAMS 0x00000007c7c00000, 0x00000007c7c00000| Untracked 
| 125|0x00000007c7d00000, 0x00000007c7d00000, 0x00000007c7e00000|  0%| F|  |TAMS 0x00000007c7d00000, 0x00000007c7d00000| Untracked 
| 126|0x00000007c7e00000, 0x00000007c7f00000, 0x00000007c7f00000|100%| O|  |TAMS 0x00000007c7e00000, 0x00000007c7e00000| Untracked 
| 127|0x00000007c7f00000, 0x00000007c8000000, 0x00000007c8000000|100%| O|  |TAMS 0x00000007c7f00000, 0x00000007c7f00000| Untracked 
| 128|0x00000007c8000000, 0x00000007c8100000, 0x00000007c8100000|100%| O|  |TAMS 0x00000007c8000000, 0x00000007c8000000| Untracked 
| 129|0x00000007c8100000, 0x00000007c8200000, 0x00000007c8200000|100%| O|  |TAMS 0x00000007c8100000, 0x00000007c8100000| Untracked 
| 130|0x00000007c8200000, 0x00000007c8300000, 0x00000007c8300000|100%| O|  |TAMS 0x00000007c8200000, 0x00000007c8200000| Untracked 
| 131|0x00000007c8300000, 0x00000007c8400000, 0x00000007c8400000|100%| O|  |TAMS 0x00000007c8300000, 0x00000007c8300000| Untracked 
| 132|0x00000007c8400000, 0x00000007c8500000, 0x00000007c8500000|100%| O|  |TAMS 0x00000007c8400000, 0x00000007c8400000| Untracked 
| 133|0x00000007c8500000, 0x00000007c8500000, 0x00000007c8600000|  0%| F|  |TAMS 0x00000007c8500000, 0x00000007c8500000| Untracked 
| 134|0x00000007c8600000, 0x00000007c8600000, 0x00000007c8700000|  0%| F|  |TAMS 0x00000007c8600000, 0x00000007c8600000| Untracked 
| 135|0x00000007c8700000, 0x00000007c8700000, 0x00000007c8800000|  0%| F|  |TAMS 0x00000007c8700000, 0x00000007c8700000| Untracked 
| 136|0x00000007c8800000, 0x00000007c8800000, 0x00000007c8900000|  0%| F|  |TAMS 0x00000007c8800000, 0x00000007c8800000| Untracked 
| 137|0x00000007c8900000, 0x00000007c8900000, 0x00000007c8a00000|  0%| F|  |TAMS 0x00000007c8900000, 0x00000007c8900000| Untracked 
| 138|0x00000007c8a00000, 0x00000007c8a00000, 0x00000007c8b00000|  0%| F|  |TAMS 0x00000007c8a00000, 0x00000007c8a00000| Untracked 
| 139|0x00000007c8b00000, 0x00000007c8b00000, 0x00000007c8c00000|  0%| F|  |TAMS 0x00000007c8b00000, 0x00000007c8b00000| Untracked 
| 140|0x00000007c8c00000, 0x00000007c8c00000, 0x00000007c8d00000|  0%| F|  |TAMS 0x00000007c8c00000, 0x00000007c8c00000| Untracked 
| 141|0x00000007c8d00000, 0x00000007c8d00000, 0x00000007c8e00000|  0%| F|  |TAMS 0x00000007c8d00000, 0x00000007c8d00000| Untracked 
| 142|0x00000007c8e00000, 0x00000007c8e00000, 0x00000007c8f00000|  0%| F|  |TAMS 0x00000007c8e00000, 0x00000007c8e00000| Untracked 
| 143|0x00000007c8f00000, 0x00000007c8f00000, 0x00000007c9000000|  0%| F|  |TAMS 0x00000007c8f00000, 0x00000007c8f00000| Untracked 
| 144|0x00000007c9000000, 0x00000007c9000000, 0x00000007c9100000|  0%| F|  |TAMS 0x00000007c9000000, 0x00000007c9000000| Untracked 
| 145|0x00000007c9100000, 0x00000007c9100000, 0x00000007c9200000|  0%| F|  |TAMS 0x00000007c9100000, 0x00000007c9100000| Untracked 
| 146|0x00000007c9200000, 0x00000007c9200000, 0x00000007c9300000|  0%| F|  |TAMS 0x00000007c9200000, 0x00000007c9200000| Untracked 
| 147|0x00000007c9300000, 0x00000007c9300000, 0x00000007c9400000|  0%| F|  |TAMS 0x00000007c9300000, 0x00000007c9300000| Untracked 
| 148|0x00000007c9400000, 0x00000007c9400000, 0x00000007c9500000|  0%| F|  |TAMS 0x00000007c9400000, 0x00000007c9400000| Untracked 
| 149|0x00000007c9500000, 0x00000007c9500000, 0x00000007c9600000|  0%| F|  |TAMS 0x00000007c9500000, 0x00000007c9500000| Untracked 
| 150|0x00000007c9600000, 0x00000007c9600000, 0x00000007c9700000|  0%| F|  |TAMS 0x00000007c9600000, 0x00000007c9600000| Untracked 
| 151|0x00000007c9700000, 0x00000007c9700000, 0x00000007c9800000|  0%| F|  |TAMS 0x00000007c9700000, 0x00000007c9700000| Untracked 
| 152|0x00000007c9800000, 0x00000007c9800000, 0x00000007c9900000|  0%| F|  |TAMS 0x00000007c9800000, 0x00000007c9800000| Untracked 
| 153|0x00000007c9900000, 0x00000007c9a00000, 0x00000007c9a00000|100%| S|CS|TAMS 0x00000007c9900000, 0x00000007c9900000| Complete 
| 154|0x00000007c9a00000, 0x00000007c9b00000, 0x00000007c9b00000|100%| S|CS|TAMS 0x00000007c9a00000, 0x00000007c9a00000| Complete 
| 155|0x00000007c9b00000, 0x00000007c9c00000, 0x00000007c9c00000|100%| S|CS|TAMS 0x00000007c9b00000, 0x00000007c9b00000| Complete 
| 156|0x00000007c9c00000, 0x00000007c9d00000, 0x00000007c9d00000|100%| S|CS|TAMS 0x00000007c9c00000, 0x00000007c9c00000| Complete 
| 157|0x00000007c9d00000, 0x00000007c9e00000, 0x00000007c9e00000|100%| S|CS|TAMS 0x00000007c9d00000, 0x00000007c9d00000| Complete 
| 158|0x00000007c9e00000, 0x00000007c9f00000, 0x00000007c9f00000|100%| S|CS|TAMS 0x00000007c9e00000, 0x00000007c9e00000| Complete 
| 159|0x00000007c9f00000, 0x00000007ca000000, 0x00000007ca000000|100%| S|CS|TAMS 0x00000007c9f00000, 0x00000007c9f00000| Complete 
| 160|0x00000007ca000000, 0x00000007ca100000, 0x00000007ca100000|100%| S|CS|TAMS 0x00000007ca000000, 0x00000007ca000000| Complete 
| 161|0x00000007ca100000, 0x00000007ca200000, 0x00000007ca200000|100%| S|CS|TAMS 0x00000007ca100000, 0x00000007ca100000| Complete 
| 162|0x00000007ca200000, 0x00000007ca300000, 0x00000007ca300000|100%| S|CS|TAMS 0x00000007ca200000, 0x00000007ca200000| Complete 
| 163|0x00000007ca300000, 0x00000007ca400000, 0x00000007ca400000|100%| S|CS|TAMS 0x00000007ca300000, 0x00000007ca300000| Complete 
| 164|0x00000007ca400000, 0x00000007ca500000, 0x00000007ca500000|100%| S|CS|TAMS 0x00000007ca400000, 0x00000007ca400000| Complete 
| 165|0x00000007ca500000, 0x00000007ca600000, 0x00000007ca600000|100%| S|CS|TAMS 0x00000007ca500000, 0x00000007ca500000| Complete 
| 166|0x00000007ca600000, 0x00000007ca700000, 0x00000007ca700000|100%| S|CS|TAMS 0x00000007ca600000, 0x00000007ca600000| Complete 
| 167|0x00000007ca700000, 0x00000007ca700000, 0x00000007ca800000|  0%| F|  |TAMS 0x00000007ca700000, 0x00000007ca700000| Untracked 
| 168|0x00000007ca800000, 0x00000007ca800000, 0x00000007ca900000|  0%| F|  |TAMS 0x00000007ca800000, 0x00000007ca800000| Untracked 
| 169|0x00000007ca900000, 0x00000007ca900000, 0x00000007caa00000|  0%| F|  |TAMS 0x00000007ca900000, 0x00000007ca900000| Untracked 
| 170|0x00000007caa00000, 0x00000007caa00000, 0x00000007cab00000|  0%| F|  |TAMS 0x00000007caa00000, 0x00000007caa00000| Untracked 
| 171|0x00000007cab00000, 0x00000007cab00000, 0x00000007cac00000|  0%| F|  |TAMS 0x00000007cab00000, 0x00000007cab00000| Untracked 
| 172|0x00000007cac00000, 0x00000007cac00000, 0x00000007cad00000|  0%| F|  |TAMS 0x00000007cac00000, 0x00000007cac00000| Untracked 
| 173|0x00000007cad00000, 0x00000007cad00000, 0x00000007cae00000|  0%| F|  |TAMS 0x00000007cad00000, 0x00000007cad00000| Untracked 
| 174|0x00000007cae00000, 0x00000007cae00000, 0x00000007caf00000|  0%| F|  |TAMS 0x00000007cae00000, 0x00000007cae00000| Untracked 
| 175|0x00000007caf00000, 0x00000007caf00000, 0x00000007cb000000|  0%| F|  |TAMS 0x00000007caf00000, 0x00000007caf00000| Untracked 
| 176|0x00000007cb000000, 0x00000007cb000000, 0x00000007cb100000|  0%| F|  |TAMS 0x00000007cb000000, 0x00000007cb000000| Untracked 
| 177|0x00000007cb100000, 0x00000007cb100000, 0x00000007cb200000|  0%| F|  |TAMS 0x00000007cb100000, 0x00000007cb100000| Untracked 
| 178|0x00000007cb200000, 0x00000007cb200000, 0x00000007cb300000|  0%| F|  |TAMS 0x00000007cb200000, 0x00000007cb200000| Untracked 
| 179|0x00000007cb300000, 0x00000007cb300000, 0x00000007cb400000|  0%| F|  |TAMS 0x00000007cb300000, 0x00000007cb300000| Untracked 
| 180|0x00000007cb400000, 0x00000007cb400000, 0x00000007cb500000|  0%| F|  |TAMS 0x00000007cb400000, 0x00000007cb400000| Untracked 
| 181|0x00000007cb500000, 0x00000007cb500000, 0x00000007cb600000|  0%| F|  |TAMS 0x00000007cb500000, 0x00000007cb500000| Untracked 
| 182|0x00000007cb600000, 0x00000007cb600000, 0x00000007cb700000|  0%| F|  |TAMS 0x00000007cb600000, 0x00000007cb600000| Untracked 
| 183|0x00000007cb700000, 0x00000007cb700000, 0x00000007cb800000|  0%| F|  |TAMS 0x00000007cb700000, 0x00000007cb700000| Untracked 
| 184|0x00000007cb800000, 0x00000007cb800000, 0x00000007cb900000|  0%| F|  |TAMS 0x00000007cb800000, 0x00000007cb800000| Untracked 
| 185|0x00000007cb900000, 0x00000007cb900000, 0x00000007cba00000|  0%| F|  |TAMS 0x00000007cb900000, 0x00000007cb900000| Untracked 
| 186|0x00000007cba00000, 0x00000007cba00000, 0x00000007cbb00000|  0%| F|  |TAMS 0x00000007cba00000, 0x00000007cba00000| Untracked 
| 187|0x00000007cbb00000, 0x00000007cbb00000, 0x00000007cbc00000|  0%| F|  |TAMS 0x00000007cbb00000, 0x00000007cbb00000| Untracked 
| 188|0x00000007cbc00000, 0x00000007cbc00000, 0x00000007cbd00000|  0%| F|  |TAMS 0x00000007cbc00000, 0x00000007cbc00000| Untracked 
| 189|0x00000007cbd00000, 0x00000007cbd00000, 0x00000007cbe00000|  0%| F|  |TAMS 0x00000007cbd00000, 0x00000007cbd00000| Untracked 
| 190|0x00000007cbe00000, 0x00000007cbe00000, 0x00000007cbf00000|  0%| F|  |TAMS 0x00000007cbe00000, 0x00000007cbe00000| Untracked 
| 191|0x00000007cbf00000, 0x00000007cbf00000, 0x00000007cc000000|  0%| F|  |TAMS 0x00000007cbf00000, 0x00000007cbf00000| Untracked 
| 192|0x00000007cc000000, 0x00000007cc000000, 0x00000007cc100000|  0%| F|  |TAMS 0x00000007cc000000, 0x00000007cc000000| Untracked 
| 193|0x00000007cc100000, 0x00000007cc100000, 0x00000007cc200000|  0%| F|  |TAMS 0x00000007cc100000, 0x00000007cc100000| Untracked 
| 194|0x00000007cc200000, 0x00000007cc200000, 0x00000007cc300000|  0%| F|  |TAMS 0x00000007cc200000, 0x00000007cc200000| Untracked 
| 195|0x00000007cc300000, 0x00000007cc300000, 0x00000007cc400000|  0%| F|  |TAMS 0x00000007cc300000, 0x00000007cc300000| Untracked 
| 196|0x00000007cc400000, 0x00000007cc400000, 0x00000007cc500000|  0%| F|  |TAMS 0x00000007cc400000, 0x00000007cc400000| Untracked 
| 197|0x00000007cc500000, 0x00000007cc500000, 0x00000007cc600000|  0%| F|  |TAMS 0x00000007cc500000, 0x00000007cc500000| Untracked 
| 198|0x00000007cc600000, 0x00000007cc600000, 0x00000007cc700000|  0%| F|  |TAMS 0x00000007cc600000, 0x00000007cc600000| Untracked 
| 199|0x00000007cc700000, 0x00000007cc700000, 0x00000007cc800000|  0%| F|  |TAMS 0x00000007cc700000, 0x00000007cc700000| Untracked 
| 200|0x00000007cc800000, 0x00000007cc800000, 0x00000007cc900000|  0%| F|  |TAMS 0x00000007cc800000, 0x00000007cc800000| Untracked 
| 201|0x00000007cc900000, 0x00000007cc900000, 0x00000007cca00000|  0%| F|  |TAMS 0x00000007cc900000, 0x00000007cc900000| Untracked 
| 202|0x00000007cca00000, 0x00000007cca00000, 0x00000007ccb00000|  0%| F|  |TAMS 0x00000007cca00000, 0x00000007cca00000| Untracked 
| 203|0x00000007ccb00000, 0x00000007ccb00000, 0x00000007ccc00000|  0%| F|  |TAMS 0x00000007ccb00000, 0x00000007ccb00000| Untracked 
| 204|0x00000007ccc00000, 0x00000007ccc00000, 0x00000007ccd00000|  0%| F|  |TAMS 0x00000007ccc00000, 0x00000007ccc00000| Untracked 
| 205|0x00000007ccd00000, 0x00000007ccd00000, 0x00000007cce00000|  0%| F|  |TAMS 0x00000007ccd00000, 0x00000007ccd00000| Untracked 
| 206|0x00000007cce00000, 0x00000007cce00000, 0x00000007ccf00000|  0%| F|  |TAMS 0x00000007cce00000, 0x00000007cce00000| Untracked 
| 207|0x00000007ccf00000, 0x00000007ccf00000, 0x00000007cd000000|  0%| F|  |TAMS 0x00000007ccf00000, 0x00000007ccf00000| Untracked 
| 208|0x00000007cd000000, 0x00000007cd000000, 0x00000007cd100000|  0%| F|  |TAMS 0x00000007cd000000, 0x00000007cd000000| Untracked 
| 209|0x00000007cd100000, 0x00000007cd100000, 0x00000007cd200000|  0%| F|  |TAMS 0x00000007cd100000, 0x00000007cd100000| Untracked 
| 210|0x00000007cd200000, 0x00000007cd200000, 0x00000007cd300000|  0%| F|  |TAMS 0x00000007cd200000, 0x00000007cd200000| Untracked 
| 211|0x00000007cd300000, 0x00000007cd300000, 0x00000007cd400000|  0%| F|  |TAMS 0x00000007cd300000, 0x00000007cd300000| Untracked 
| 212|0x00000007cd400000, 0x00000007cd400000, 0x00000007cd500000|  0%| F|  |TAMS 0x00000007cd400000, 0x00000007cd400000| Untracked 
| 213|0x00000007cd500000, 0x00000007cd500000, 0x00000007cd600000|  0%| F|  |TAMS 0x00000007cd500000, 0x00000007cd500000| Untracked 
| 214|0x00000007cd600000, 0x00000007cd600000, 0x00000007cd700000|  0%| F|  |TAMS 0x00000007cd600000, 0x00000007cd600000| Untracked 
| 215|0x00000007cd700000, 0x00000007cd700000, 0x00000007cd800000|  0%| F|  |TAMS 0x00000007cd700000, 0x00000007cd700000| Untracked 
| 216|0x00000007cd800000, 0x00000007cd800000, 0x00000007cd900000|  0%| F|  |TAMS 0x00000007cd800000, 0x00000007cd800000| Untracked 
| 217|0x00000007cd900000, 0x00000007cd900000, 0x00000007cda00000|  0%| F|  |TAMS 0x00000007cd900000, 0x00000007cd900000| Untracked 
| 218|0x00000007cda00000, 0x00000007cda00000, 0x00000007cdb00000|  0%| F|  |TAMS 0x00000007cda00000, 0x00000007cda00000| Untracked 
| 219|0x00000007cdb00000, 0x00000007cdb00000, 0x00000007cdc00000|  0%| F|  |TAMS 0x00000007cdb00000, 0x00000007cdb00000| Untracked 
| 220|0x00000007cdc00000, 0x00000007cdc00000, 0x00000007cdd00000|  0%| F|  |TAMS 0x00000007cdc00000, 0x00000007cdc00000| Untracked 
| 221|0x00000007cdd00000, 0x00000007cdd00000, 0x00000007cde00000|  0%| F|  |TAMS 0x00000007cdd00000, 0x00000007cdd00000| Untracked 
| 222|0x00000007cde00000, 0x00000007cde00000, 0x00000007cdf00000|  0%| F|  |TAMS 0x00000007cde00000, 0x00000007cde00000| Untracked 
| 223|0x00000007cdf00000, 0x00000007cdf00000, 0x00000007ce000000|  0%| F|  |TAMS 0x00000007cdf00000, 0x00000007cdf00000| Untracked 
| 224|0x00000007ce000000, 0x00000007ce000000, 0x00000007ce100000|  0%| F|  |TAMS 0x00000007ce000000, 0x00000007ce000000| Untracked 
| 225|0x00000007ce100000, 0x00000007ce100000, 0x00000007ce200000|  0%| F|  |TAMS 0x00000007ce100000, 0x00000007ce100000| Untracked 
| 226|0x00000007ce200000, 0x00000007ce200000, 0x00000007ce300000|  0%| F|  |TAMS 0x00000007ce200000, 0x00000007ce200000| Untracked 
| 227|0x00000007ce300000, 0x00000007ce300000, 0x00000007ce400000|  0%| F|  |TAMS 0x00000007ce300000, 0x00000007ce300000| Untracked 
| 228|0x00000007ce400000, 0x00000007ce400000, 0x00000007ce500000|  0%| F|  |TAMS 0x00000007ce400000, 0x00000007ce400000| Untracked 
| 229|0x00000007ce500000, 0x00000007ce500000, 0x00000007ce600000|  0%| F|  |TAMS 0x00000007ce500000, 0x00000007ce500000| Untracked 
| 230|0x00000007ce600000, 0x00000007ce600000, 0x00000007ce700000|  0%| F|  |TAMS 0x00000007ce600000, 0x00000007ce600000| Untracked 
| 231|0x00000007ce700000, 0x00000007ce700000, 0x00000007ce800000|  0%| F|  |TAMS 0x00000007ce700000, 0x00000007ce700000| Untracked 
| 232|0x00000007ce800000, 0x00000007ce800000, 0x00000007ce900000|  0%| F|  |TAMS 0x00000007ce800000, 0x00000007ce800000| Untracked 
| 233|0x00000007ce900000, 0x00000007ce900000, 0x00000007cea00000|  0%| F|  |TAMS 0x00000007ce900000, 0x00000007ce900000| Untracked 
| 234|0x00000007cea00000, 0x00000007cea00000, 0x00000007ceb00000|  0%| F|  |TAMS 0x00000007cea00000, 0x00000007cea00000| Untracked 
| 235|0x00000007ceb00000, 0x00000007ceb00000, 0x00000007cec00000|  0%| F|  |TAMS 0x00000007ceb00000, 0x00000007ceb00000| Untracked 
| 236|0x00000007cec00000, 0x00000007cec00000, 0x00000007ced00000|  0%| F|  |TAMS 0x00000007cec00000, 0x00000007cec00000| Untracked 
| 237|0x00000007ced00000, 0x00000007ced00000, 0x00000007cee00000|  0%| F|  |TAMS 0x00000007ced00000, 0x00000007ced00000| Untracked 
| 238|0x00000007cee00000, 0x00000007cee00000, 0x00000007cef00000|  0%| F|  |TAMS 0x00000007cee00000, 0x00000007cee00000| Untracked 
| 239|0x00000007cef00000, 0x00000007cef00000, 0x00000007cf000000|  0%| F|  |TAMS 0x00000007cef00000, 0x00000007cef00000| Untracked 
| 240|0x00000007cf000000, 0x00000007cf000000, 0x00000007cf100000|  0%| F|  |TAMS 0x00000007cf000000, 0x00000007cf000000| Untracked 
| 241|0x00000007cf100000, 0x00000007cf100000, 0x00000007cf200000|  0%| F|  |TAMS 0x00000007cf100000, 0x00000007cf100000| Untracked 
| 242|0x00000007cf200000, 0x00000007cf200000, 0x00000007cf300000|  0%| F|  |TAMS 0x00000007cf200000, 0x00000007cf200000| Untracked 
| 243|0x00000007cf300000, 0x00000007cf300000, 0x00000007cf400000|  0%| F|  |TAMS 0x00000007cf300000, 0x00000007cf300000| Untracked 
| 244|0x00000007cf400000, 0x00000007cf400000, 0x00000007cf500000|  0%| F|  |TAMS 0x00000007cf400000, 0x00000007cf400000| Untracked 
| 245|0x00000007cf500000, 0x00000007cf500000, 0x00000007cf600000|  0%| F|  |TAMS 0x00000007cf500000, 0x00000007cf500000| Untracked 
| 246|0x00000007cf600000, 0x00000007cf600000, 0x00000007cf700000|  0%| F|  |TAMS 0x00000007cf600000, 0x00000007cf600000| Untracked 
| 247|0x00000007cf700000, 0x00000007cf700000, 0x00000007cf800000|  0%| F|  |TAMS 0x00000007cf700000, 0x00000007cf700000| Untracked 
| 248|0x00000007cf800000, 0x00000007cf800000, 0x00000007cf900000|  0%| F|  |TAMS 0x00000007cf800000, 0x00000007cf800000| Untracked 
| 249|0x00000007cf900000, 0x00000007cf900000, 0x00000007cfa00000|  0%| F|  |TAMS 0x00000007cf900000, 0x00000007cf900000| Untracked 
| 250|0x00000007cfa00000, 0x00000007cfa00000, 0x00000007cfb00000|  0%| F|  |TAMS 0x00000007cfa00000, 0x00000007cfa00000| Untracked 
| 251|0x00000007cfb00000, 0x00000007cfb75f80, 0x00000007cfc00000| 46%| E|  |TAMS 0x00000007cfb00000, 0x00000007cfb00000| Complete 
| 252|0x00000007cfc00000, 0x00000007cfd00000, 0x00000007cfd00000|100%| E|CS|TAMS 0x00000007cfc00000, 0x00000007cfc00000| Complete 
| 253|0x00000007cfd00000, 0x00000007cfe00000, 0x00000007cfe00000|100%| E|CS|TAMS 0x00000007cfd00000, 0x00000007cfd00000| Complete 
| 254|0x00000007cfe00000, 0x00000007cff00000, 0x00000007cff00000|100%| E|CS|TAMS 0x00000007cfe00000, 0x00000007cfe00000| Complete 
| 255|0x00000007cff00000, 0x00000007d0000000, 0x00000007d0000000|100%| E|CS|TAMS 0x00000007cff00000, 0x00000007cff00000| Complete 

Card table byte_map: [0x0000000111cbf000,0x0000000111ebf000] _byte_map_base: 0x000000010debf000

Marking Bits (Prev, Next): (CMBitMap*) 0x00007fd80c808610, (CMBitMap*) 0x00007fd80c808650
 Prev Bits: [0x000000012a5bb000, 0x000000012b5bb000)
 Next Bits: [0x000000012b5bb000, 0x000000012c5bb000)

Polling page: 0x0000000104131000

Metaspace:

Usage:
  Non-class:     41.07 MB used.
      Class:      4.62 MB used.
       Both:     45.68 MB used.

Virtual space:
  Non-class space:       64.00 MB reserved,      41.25 MB ( 64%) committed,  1 nodes.
      Class space:        1.00 GB reserved,       4.75 MB ( <1%) committed,  1 nodes.
             Both:        1.06 GB reserved,      46.00 MB (  4%) committed. 

Chunk freelists:
   Non-Class:  5.83 MB
       Class:  11.28 MB
        Both:  17.11 MB

MaxMetaspaceSize: unlimited
CompressedClassSpaceSize: 1.00 GB
Initial GC threshold: 21.00 MB
Current GC threshold: 59.19 MB
CDS: off
MetaspaceReclaimPolicy: balanced
 - commit_granule_bytes: 65536.
 - commit_granule_words: 8192.
 - virtual_space_node_default_size: 8388608.
 - enlarge_chunks_in_place: 1.
 - new_chunks_are_fully_committed: 0.
 - uncommit_free_chunks: 1.
 - use_allocation_guard: 0.
 - handle_deallocations: 1.


Internal statistics:

num_allocs_failed_limit: 6.
num_arena_births: 374.
num_arena_deaths: 2.
num_vsnodes_births: 2.
num_vsnodes_deaths: 0.
num_space_committed: 733.
num_space_uncommitted: 0.
num_chunks_returned_to_freelist: 9.
num_chunks_taken_from_freelist: 1622.
num_chunk_merges: 6.
num_chunk_splits: 1076.
num_chunks_enlarged: 776.
num_inconsistent_stats: 0.

CodeHeap 'non-profiled nmethods': size=120028Kb used=3824Kb max_used=3824Kb free=116203Kb
 bounds [0x0000000123084000, 0x0000000123444000, 0x000000012a5bb000]
CodeHeap 'profiled nmethods': size=120028Kb used=13864Kb max_used=13864Kb free=106163Kb
 bounds [0x000000011b5bb000, 0x000000011c34b000, 0x0000000122af2000]
CodeHeap 'non-nmethods': size=5704Kb used=1299Kb max_used=1383Kb free=4404Kb
 bounds [0x0000000122af2000, 0x0000000122d62000, 0x0000000123084000]
 total_blobs=7518 nmethods=6896 adapters=536
 compilation: enabled
              stopped_count=0, restarted_count=0
 full_count=0

Compilation events (20 events):
Event: 8.924 Thread 0x00007fd80b026200 7801       3       io.ballerina.compiler.api.impl.NodeFinder::setEnclosingNode (46 bytes)
Event: 8.924 Thread 0x00007fd80b026200 nmethod 7801 0x000000011c332f90 code [0x000000011c3331a0, 0x000000011c3338e0]
Event: 8.924 Thread 0x00007fd80b026200 7803       3       java.util.stream.Collectors$$Lambda$133/0x00000008002595a0::get (16 bytes)
Event: 8.925 Thread 0x00007fd80b026200 nmethod 7803 0x000000011c333b10 code [0x000000011c333cc0, 0x000000011c333e00]
Event: 8.925 Thread 0x00007fd80b026200 7802       3       io.ballerina.compiler.api.impl.symbols.BallerinaTypeReferenceTypeSymbol::signature (184 bytes)
Event: 8.927 Thread 0x00007fd80b026200 nmethod 7802 0x000000011c333e90 code [0x000000011c334660, 0x000000011c339900]
Event: 8.927 Thread 0x00007fd80b026200 7804       3       org.ballerinalang.diagramutil.SyntaxTreeDiagnosticsUtil::getDiagnostics (121 bytes)
Event: 8.928 Thread 0x00007fd80b026200 nmethod 7804 0x000000011c33b710 code [0x000000011c33ba80, 0x000000011c33d250]
Event: 8.928 Thread 0x00007fd80b026200 7805       3       io.ballerina.compiler.syntax.tree.NonTerminalNode::trailingMinutiae (14 bytes)
Event: 8.928 Thread 0x00007fd80b026200 nmethod 7805 0x000000011c33da90 code [0x000000011c33dc60, 0x000000011c33e0a0]
Event: 8.928 Thread 0x00007fd80b026200 7806       3       io.ballerina.compiler.syntax.tree.FunctionBodyNode::<init> (8 bytes)
Event: 8.928 Thread 0x00007fd80b026200 nmethod 7806 0x000000011c33e210 code [0x000000011c33e3e0, 0x000000011c33e870]
Event: 8.928 Thread 0x00007fd80b026200 7807       3       io.ballerina.compiler.internal.parser.tree.STFunctionDefinitionNode::createFacade (11 bytes)
Event: 8.928 Thread 0x00007fd80b026200 nmethod 7807 0x000000011c33ea10 code [0x000000011c33ebe0, 0x000000011c33f1b0]
Event: 8.928 Thread 0x00007fd80b026200 7808       3       io.ballerina.compiler.syntax.tree.FunctionDefinitionNode::<init> (8 bytes)
Event: 8.928 Thread 0x00007fd80b026200 nmethod 7808 0x000000011c33f390 code [0x000000011c33f560, 0x000000011c33fa50]
Event: 8.942 Thread 0x00007fd80b026200 7810       3       io.ballerina.compiler.api.impl.BallerinaModuleID$$Lambda$517/0x0000000800488440::apply (8 bytes)
Event: 8.943 Thread 0x00007fd80b026200 nmethod 7810 0x000000011c33fc10 code [0x000000011c33fdc0, 0x000000011c33fff0]
Event: 8.946 Thread 0x00007fd80b026200 7811       3       java.util.ImmutableCollections$MapN$MapNIterator::hasNext (13 bytes)
Event: 8.946 Thread 0x00007fd80b026200 nmethod 7811 0x000000011c340110 code [0x000000011c3402a0, 0x000000011c340410]

GC Heap History (20 events):
Event: 4.856 GC heap before
{Heap before GC invocations=9 (full 0):
 garbage-first heap   total 262144K, used 173878K [0x00000007c0000000, 0x0000000800000000)
  region size 1024K, 128 young (131072K), 2 survivors (2048K)
 Metaspace       used 41983K, committed 42176K, reserved 1114112K
  class space    used 4254K, committed 4352K, reserved 1048576K
}
Event: 4.859 GC heap after
{Heap after GC invocations=10 (full 0):
 garbage-first heap   total 262144K, used 49736K [0x00000007c0000000, 0x0000000800000000)
  region size 1024K, 6 young (6144K), 6 survivors (6144K)
 Metaspace       used 41983K, committed 42176K, reserved 1114112K
  class space    used 4254K, committed 4352K, reserved 1048576K
}
Event: 5.553 GC heap before
{Heap before GC invocations=10 (full 0):
 garbage-first heap   total 262144K, used 185928K [0x00000007c0000000, 0x0000000800000000)
  region size 1024K, 139 young (142336K), 6 survivors (6144K)
 Metaspace       used 42770K, committed 43072K, reserved 1114112K
  class space    used 4341K, committed 4480K, reserved 1048576K
}
Event: 5.555 GC heap after
{Heap after GC invocations=11 (full 0):
 garbage-first heap   total 262144K, used 51334K [0x00000007c0000000, 0x0000000800000000)
  region size 1024K, 8 young (8192K), 8 survivors (8192K)
 Metaspace       used 42770K, committed 43072K, reserved 1114112K
  class space    used 4341K, committed 4480K, reserved 1048576K
}
Event: 5.988 GC heap before
{Heap before GC invocations=11 (full 0):
 garbage-first heap   total 262144K, used 195718K [0x00000007c0000000, 0x0000000800000000)
  region size 1024K, 150 young (153600K), 8 survivors (8192K)
 Metaspace       used 42857K, committed 43136K, reserved 1114112K
  class space    used 4344K, committed 4480K, reserved 1048576K
}
Event: 5.992 GC heap after
{Heap after GC invocations=12 (full 0):
 garbage-first heap   total 262144K, used 58383K [0x00000007c0000000, 0x0000000800000000)
  region size 1024K, 15 young (15360K), 15 survivors (15360K)
 Metaspace       used 42857K, committed 43136K, reserved 1114112K
  class space    used 4344K, committed 4480K, reserved 1048576K
}
Event: 6.299 GC heap before
{Heap before GC invocations=12 (full 0):
 garbage-first heap   total 262144K, used 199695K [0x00000007c0000000, 0x0000000800000000)
  region size 1024K, 153 young (156672K), 15 survivors (15360K)
 Metaspace       used 43051K, committed 43328K, reserved 1114112K
  class space    used 4368K, committed 4480K, reserved 1048576K
}
Event: 6.303 GC heap after
{Heap after GC invocations=13 (full 0):
 garbage-first heap   total 262144K, used 58640K [0x00000007c0000000, 0x0000000800000000)
  region size 1024K, 10 young (10240K), 10 survivors (10240K)
 Metaspace       used 43051K, committed 43328K, reserved 1114112K
  class space    used 4368K, committed 4480K, reserved 1048576K
}
Event: 6.679 GC heap before
{Heap before GC invocations=13 (full 0):
 garbage-first heap   total 262144K, used 200976K [0x00000007c0000000, 0x0000000800000000)
  region size 1024K, 149 young (152576K), 10 survivors (10240K)
 Metaspace       used 43287K, committed 43520K, reserved 1114112K
  class space    used 4377K, committed 4480K, reserved 1048576K
}
Event: 6.683 GC heap after
{Heap after GC invocations=14 (full 0):
 garbage-first heap   total 262144K, used 63722K [0x00000007c0000000, 0x0000000800000000)
  region size 1024K, 14 young (14336K), 14 survivors (14336K)
 Metaspace       used 43287K, committed 43520K, reserved 1114112K
  class space    used 4377K, committed 4480K, reserved 1048576K
}
Event: 7.023 GC heap before
{Heap before GC invocations=14 (full 0):
 garbage-first heap   total 262144K, used 205034K [0x00000007c0000000, 0x0000000800000000)
  region size 1024K, 152 young (155648K), 14 survivors (14336K)
 Metaspace       used 43541K, committed 43776K, reserved 1114112K
  class space    used 4383K, committed 4480K, reserved 1048576K
}
Event: 7.028 GC heap after
{Heap after GC invocations=15 (full 0):
 garbage-first heap   total 262144K, used 66847K [0x00000007c0000000, 0x0000000800000000)
  region size 1024K, 9 young (9216K), 9 survivors (9216K)
 Metaspace       used 43541K, committed 43776K, reserved 1114112K
  class space    used 4383K, committed 4480K, reserved 1048576K
}
Event: 7.316 GC heap before
{Heap before GC invocations=15 (full 0):
 garbage-first heap   total 262144K, used 207135K [0x00000007c0000000, 0x0000000800000000)
  region size 1024K, 147 young (150528K), 9 survivors (9216K)
 Metaspace       used 43669K, committed 43904K, reserved 1114112K
  class space    used 4384K, committed 4480K, reserved 1048576K
}
Event: 7.320 GC heap after
{Heap after GC invocations=16 (full 0):
 garbage-first heap   total 262144K, used 77880K [0x00000007c0000000, 0x0000000800000000)
  region size 1024K, 19 young (19456K), 19 survivors (19456K)
 Metaspace       used 43669K, committed 43904K, reserved 1114112K
  class space    used 4384K, committed 4480K, reserved 1048576K
}
Event: 7.748 GC heap before
{Heap before GC invocations=16 (full 0):
 garbage-first heap   total 262144K, used 203832K [0x00000007c0000000, 0x0000000800000000)
  region size 1024K, 143 young (146432K), 19 survivors (19456K)
 Metaspace       used 43861K, committed 44160K, reserved 1114112K
  class space    used 4399K, committed 4544K, reserved 1048576K
}
Event: 7.755 GC heap after
{Heap after GC invocations=17 (full 0):
 garbage-first heap   total 262144K, used 80123K [0x00000007c0000000, 0x0000000800000000)
  region size 1024K, 3 young (3072K), 3 survivors (3072K)
 Metaspace       used 43861K, committed 44160K, reserved 1114112K
  class space    used 4399K, committed 4544K, reserved 1048576K
}
Event: 8.183 GC heap before
{Heap before GC invocations=17 (full 0):
 garbage-first heap   total 262144K, used 222459K [0x00000007c0000000, 0x0000000800000000)
  region size 1024K, 130 young (133120K), 3 survivors (3072K)
 Metaspace       used 44319K, committed 44608K, reserved 1114112K
  class space    used 4459K, committed 4608K, reserved 1048576K
}
Event: 8.189 GC heap after
{Heap after GC invocations=18 (full 0):
 garbage-first heap   total 262144K, used 109551K [0x00000007c0000000, 0x0000000800000000)
  region size 1024K, 17 young (17408K), 17 survivors (17408K)
 Metaspace       used 44319K, committed 44608K, reserved 1114112K
  class space    used 4459K, committed 4608K, reserved 1048576K
}
Event: 8.881 GC heap before
{Heap before GC invocations=18 (full 0):
 garbage-first heap   total 262144K, used 201711K [0x00000007c0000000, 0x0000000800000000)
  region size 1024K, 106 young (108544K), 17 survivors (17408K)
 Metaspace       used 46744K, committed 47104K, reserved 1114112K
  class space    used 4727K, committed 4864K, reserved 1048576K
}
Event: 8.890 GC heap after
{Heap after GC invocations=19 (full 0):
 garbage-first heap   total 262144K, used 133119K [0x00000007c0000000, 0x0000000800000000)
  region size 1024K, 14 young (14336K), 14 survivors (14336K)
 Metaspace       used 46744K, committed 47104K, reserved 1114112K
  class space    used 4727K, committed 4864K, reserved 1048576K
}

Dll operation events (7 events):
Event: 0.005 Loaded shared library /Library/Ballerina/dependencies/jdk-17.0.7+7-jre/lib/libjava.dylib
Event: 0.100 Loaded shared library /Library/Ballerina/dependencies/jdk-17.0.7+7-jre/lib/libnio.dylib
Event: 0.106 Loaded shared library /Library/Ballerina/dependencies/jdk-17.0.7+7-jre/lib/libzip.dylib
Event: 0.204 Loaded shared library /Library/Ballerina/dependencies/jdk-17.0.7+7-jre/lib/libverify.dylib
Event: 0.259 Loaded shared library /Library/Ballerina/dependencies/jdk-17.0.7+7-jre/lib/libjimage.dylib
Event: 0.633 Loaded shared library /Library/Ballerina/dependencies/jdk-17.0.7+7-jre/lib/libnet.dylib
Event: 2.376 Loaded shared library /Library/Ballerina/dependencies/jdk-17.0.7+7-jre/lib/libextnet.dylib

Deoptimization events (20 events):
Event: 8.823 Thread 0x00007fd80c189000 Uncommon trap: trap_request=0xffffff45 fr.pc=0x0000000123422a28 relative=0x0000000000000d48
Event: 8.823 Thread 0x00007fd80c189000 Uncommon trap: reason=unstable_if action=reinterpret pc=0x0000000123422a28 method=io.ballerina.identifier.Utils.unescapeUnicodeCodepoints(Ljava/lang/String;)Ljava/lang/String; @ 24 c2
Event: 8.823 Thread 0x00007fd80c189000 DEOPT PACKING pc=0x0000000123422a28 sp=0x000000030e244580
Event: 8.823 Thread 0x00007fd80c189000 DEOPT UNPACKING pc=0x0000000122b48693 sp=0x000000030e244568 mode 2
Event: 8.824 Thread 0x00007fd80c189000 Uncommon trap: trap_request=0xffffffde fr.pc=0x000000012327ba88 relative=0x00000000000009a8
Event: 8.824 Thread 0x00007fd80c189000 Uncommon trap: reason=class_check action=maybe_recompile pc=0x000000012327ba88 method=java.lang.AbstractStringBuilder.append(Ljava/lang/CharSequence;)Ljava/lang/AbstractStringBuilder; @ 37 c2
Event: 8.824 Thread 0x00007fd80c189000 DEOPT PACKING pc=0x000000012327ba88 sp=0x000000030e244400
Event: 8.824 Thread 0x00007fd80c189000 DEOPT UNPACKING pc=0x0000000122b48693 sp=0x000000030e2443f8 mode 2
Event: 8.826 Thread 0x00007fd80c189000 Uncommon trap: trap_request=0xffffffde fr.pc=0x000000012327ba88 relative=0x00000000000009a8
Event: 8.826 Thread 0x00007fd80c189000 Uncommon trap: reason=class_check action=maybe_recompile pc=0x000000012327ba88 method=java.lang.AbstractStringBuilder.append(Ljava/lang/CharSequence;)Ljava/lang/AbstractStringBuilder; @ 37 c2
Event: 8.826 Thread 0x00007fd80c189000 DEOPT PACKING pc=0x000000012327ba88 sp=0x000000030e244400
Event: 8.826 Thread 0x00007fd80c189000 DEOPT UNPACKING pc=0x0000000122b48693 sp=0x000000030e2443f8 mode 2
Event: 8.898 Thread 0x00007fd80cb80e00 Uncommon trap: trap_request=0xffffffc6 fr.pc=0x000000012341b050 relative=0x00000000000003d0
Event: 8.898 Thread 0x00007fd80cb80e00 Uncommon trap: reason=bimorphic_or_optimized_type_check action=maybe_recompile pc=0x000000012341b050 method=java.util.stream.ReferencePipeline.collect(Ljava/util/stream/Collector;)Ljava/lang/Object; @ 118 c2
Event: 8.898 Thread 0x00007fd80cb80e00 DEOPT PACKING pc=0x000000012341b050 sp=0x000000030df3ae80
Event: 8.898 Thread 0x00007fd80cb80e00 DEOPT UNPACKING pc=0x0000000122b48693 sp=0x000000030df3ae48 mode 2
Event: 8.926 Thread 0x00007fd80cb80e00 Uncommon trap: trap_request=0xffffffc6 fr.pc=0x000000012341b050 relative=0x00000000000003d0
Event: 8.926 Thread 0x00007fd80cb80e00 Uncommon trap: reason=bimorphic_or_optimized_type_check action=maybe_recompile pc=0x000000012341b050 method=java.util.stream.ReferencePipeline.collect(Ljava/util/stream/Collector;)Ljava/lang/Object; @ 118 c2
Event: 8.926 Thread 0x00007fd80cb80e00 DEOPT PACKING pc=0x000000012341b050 sp=0x000000030df3ae00
Event: 8.926 Thread 0x00007fd80cb80e00 DEOPT UNPACKING pc=0x0000000122b48693 sp=0x000000030df3adc8 mode 2

Classes unloaded (1 events):
Event: 3.417 Thread 0x00007fd80b95b9a0 Unloading class 0x0000000800201c00 'java/lang/invoke/LambdaForm$DMH+0x0000000800201c00'

Classes redefined (0 events):
No events

Internal exceptions (20 events):
Event: 8.648 Thread 0x00007fd80c189000 Exception <a 'sun/nio/fs/UnixException'{0x00000007cbff2200}> (0x00000007cbff2200) 
thrown [src/hotspot/share/prims/jni.cpp, line 516]
Event: 8.648 Thread 0x00007fd80c189000 Exception <a 'sun/nio/fs/UnixException'{0x00000007cbff2a48}> (0x00000007cbff2a48) 
thrown [src/hotspot/share/prims/jni.cpp, line 516]
Event: 8.651 Thread 0x00007fd80c189000 Exception <a 'sun/nio/fs/UnixException'{0x00000007cbead4e0}> (0x00000007cbead4e0) 
thrown [src/hotspot/share/prims/jni.cpp, line 516]
Event: 8.651 Thread 0x00007fd80c189000 Exception <a 'sun/nio/fs/UnixException'{0x00000007cbeba618}> (0x00000007cbeba618) 
thrown [src/hotspot/share/prims/jni.cpp, line 516]
Event: 8.651 Thread 0x00007fd80c189000 Exception <a 'sun/nio/fs/UnixException'{0x00000007cbebae50}> (0x00000007cbebae50) 
thrown [src/hotspot/share/prims/jni.cpp, line 516]
Event: 8.656 Thread 0x00007fd80c189000 Exception <a 'sun/nio/fs/UnixException'{0x00000007cbb4c168}> (0x00000007cbb4c168) 
thrown [src/hotspot/share/prims/jni.cpp, line 516]
Event: 8.657 Thread 0x00007fd80c189000 Exception <a 'sun/nio/fs/UnixException'{0x00000007cbb8d048}> (0x00000007cbb8d048) 
thrown [src/hotspot/share/prims/jni.cpp, line 516]
Event: 8.657 Thread 0x00007fd80c189000 Exception <a 'sun/nio/fs/UnixException'{0x00000007cbb95670}> (0x00000007cbb95670) 
thrown [src/hotspot/share/prims/jni.cpp, line 516]
Event: 8.657 Thread 0x00007fd80c189000 Exception <a 'sun/nio/fs/UnixException'{0x00000007cbb95dc0}> (0x00000007cbb95dc0) 
thrown [src/hotspot/share/prims/jni.cpp, line 516]
Event: 8.657 Thread 0x00007fd80c189000 Exception <a 'sun/nio/fs/UnixException'{0x00000007cbbac060}> (0x00000007cbbac060) 
thrown [src/hotspot/share/prims/jni.cpp, line 516]
Event: 8.657 Thread 0x00007fd80c189000 Exception <a 'sun/nio/fs/UnixException'{0x00000007cbbac7a8}> (0x00000007cbbac7a8) 
thrown [src/hotspot/share/prims/jni.cpp, line 516]
Event: 8.658 Thread 0x00007fd80c189000 Exception <a 'sun/nio/fs/UnixException'{0x00000007cbbc9818}> (0x00000007cbbc9818) 
thrown [src/hotspot/share/prims/jni.cpp, line 516]
Event: 8.658 Thread 0x00007fd80c189000 Exception <a 'sun/nio/fs/UnixException'{0x00000007cbbc9f68}> (0x00000007cbbc9f68) 
thrown [src/hotspot/share/prims/jni.cpp, line 516]
Event: 8.670 Thread 0x00007fd80c189000 Exception <a 'sun/nio/fs/UnixException'{0x00000007cba91938}> (0x00000007cba91938) 
thrown [src/hotspot/share/prims/jni.cpp, line 516]
Event: 8.678 Thread 0x00007fd80c189000 Exception <a 'sun/nio/fs/UnixException'{0x00000007cb93cfd0}> (0x00000007cb93cfd0) 
thrown [src/hotspot/share/prims/jni.cpp, line 516]
Event: 8.678 Thread 0x00007fd80c189000 Exception <a 'sun/nio/fs/UnixException'{0x00000007cb958d30}> (0x00000007cb958d30) 
thrown [src/hotspot/share/prims/jni.cpp, line 516]
Event: 8.681 Thread 0x00007fd80c189000 Exception <a 'sun/nio/fs/UnixException'{0x00000007cb9ae8b0}> (0x00000007cb9ae8b0) 
thrown [src/hotspot/share/prims/jni.cpp, line 516]
Event: 8.681 Thread 0x00007fd80c189000 Exception <a 'sun/nio/fs/UnixException'{0x00000007cb9d8858}> (0x00000007cb9d8858) 
thrown [src/hotspot/share/prims/jni.cpp, line 516]
Event: 8.682 Thread 0x00007fd80c189000 Exception <a 'sun/nio/fs/UnixException'{0x00000007cb9ee810}> (0x00000007cb9ee810) 
thrown [src/hotspot/share/prims/jni.cpp, line 516]
Event: 8.712 Thread 0x00007fd80cb80e00 Exception <a 'java/lang/NoSuchMethodError'{0x00000007cb6d8da8}: 'java.lang.Object java.lang.invoke.DirectMethodHandle$Holder.invokeSpecialIFC(java.lang.Object, java.lang.Object, java.lang.Object, java.lang.Object)'> (0x00000007cb6d8da8) 
thrown [src/hotspot/share/interpreter/linkResolver.cpp, line 759]

VM Operations (20 events):
Event: 7.566 Executing VM operation: HandshakeAllThreads
Event: 7.567 Executing VM operation: HandshakeAllThreads done
Event: 7.667 Executing VM operation: ICBufferFull
Event: 7.669 Executing VM operation: ICBufferFull done
Event: 7.748 Executing VM operation: G1CollectForAllocation
Event: 7.755 Executing VM operation: G1CollectForAllocation done
Event: 7.870 Executing VM operation: HandshakeAllThreads
Event: 7.870 Executing VM operation: HandshakeAllThreads done
Event: 8.182 Executing VM operation: G1CollectForAllocation
Event: 8.189 Executing VM operation: G1CollectForAllocation done
Event: 8.608 Executing VM operation: HandshakeAllThreads
Event: 8.608 Executing VM operation: HandshakeAllThreads done
Event: 8.625 Executing VM operation: HandshakeAllThreads
Event: 8.625 Executing VM operation: HandshakeAllThreads done
Event: 8.632 Executing VM operation: HandshakeAllThreads
Event: 8.632 Executing VM operation: HandshakeAllThreads done
Event: 8.660 Executing VM operation: ICBufferFull
Event: 8.663 Executing VM operation: ICBufferFull done
Event: 8.880 Executing VM operation: G1CollectForAllocation
Event: 8.890 Executing VM operation: G1CollectForAllocation done

Events (20 events):
Event: 8.255 loading class java/util/ArrayList$SubList$2
Event: 8.255 loading class java/util/ArrayList$SubList$2 done
Event: 8.285 Protecting memory [0x000000030f073000,0x000000030f077000] with protection modes 3
Event: 8.285 Protecting memory [0x000000030ec67000,0x000000030ec6b000] with protection modes 3
Event: 8.285 Thread 0x00007fd7ad929800 Thread exited: 0x00007fd7ad929800
Event: 8.285 Thread 0x00007fd7ae13f600 Thread exited: 0x00007fd7ae13f600
Event: 8.605 loading class java/util/stream/Streams$RangeIntSpliterator
Event: 8.605 loading class java/util/stream/Streams$RangeIntSpliterator done
Event: 8.607 loading class java/util/stream/IntPipeline$1
Event: 8.607 loading class java/util/stream/IntPipeline$1 done
Event: 8.607 loading class java/util/stream/IntPipeline$1$1
Event: 8.607 loading class java/util/stream/IntPipeline$1$1 done
Event: 8.630 loading class java/util/stream/SortedOps$RefSortingSink
Event: 8.630 loading class java/util/stream/SortedOps$RefSortingSink done
Event: 8.855 Thread 0x00007fd7ae67ec00 Thread added: 0x00007fd7ae67ec00
Event: 8.855 Protecting memory [0x000000030ec67000,0x000000030ec6b000] with protection modes 0
Event: 8.857 Thread 0x00007fd7add59800 Thread added: 0x00007fd7add59800
Event: 8.857 Protecting memory [0x000000030f073000,0x000000030f077000] with protection modes 0
Event: 8.858 Thread 0x00007fd7ae67f200 Thread added: 0x00007fd7ae67f200
Event: 8.858 Protecting memory [0x000000030fc97000,0x000000030fc9b000] with protection modes 0


Dynamic libraries:
0x000000010c762000 	/Library/Ballerina/dependencies/jdk-17.0.7+7-jre/lib/libjli.dylib
0x00007ff81ca45000 	/usr/lib/libz.1.dylib
0x00007ff81cb2b000 	/usr/lib/libSystem.B.dylib
0x00007ff81cb26000 	/usr/lib/system/libcache.dylib
0x00007ff81cae2000 	/usr/lib/system/libcommonCrypto.dylib
0x00007ff81cb0b000 	/usr/lib/system/libcompiler_rt.dylib
0x00007ff81cb01000 	/usr/lib/system/libcopyfile.dylib
0x00007ff8116c5000 	/usr/lib/system/libcorecrypto.dylib
0x00007ff811783000 	/usr/lib/system/libdispatch.dylib
0x00007ff811943000 	/usr/lib/system/libdyld.dylib
0x00007ff81cb1d000 	/usr/lib/system/libkeymgr.dylib
0x00007ff81cac0000 	/usr/lib/system/libmacho.dylib
0x00007ff81c13b000 	/usr/lib/system/libquarantine.dylib
0x00007ff81cb1b000 	/usr/lib/system/libremovefile.dylib
0x00007ff81680e000 	/usr/lib/system/libsystem_asl.dylib
0x00007ff81166e000 	/usr/lib/system/libsystem_blocks.dylib
0x00007ff811807000 	/usr/lib/system/libsystem_c.dylib
0x00007ff81cb13000 	/usr/lib/system/libsystem_collections.dylib
0x00007ff81b46d000 	/usr/lib/system/libsystem_configuration.dylib
0x00007ff81a716000 	/usr/lib/system/libsystem_containermanager.dylib
0x00007ff81c7f2000 	/usr/lib/system/libsystem_coreservices.dylib
0x00007ff813eaf000 	/usr/lib/system/libsystem_darwin.dylib
0x00007ff81cb1e000 	/usr/lib/system/libsystem_dnssd.dylib
0x00007ff811804000 	/usr/lib/system/libsystem_featureflags.dylib
0x00007ff811959000 	/usr/lib/system/libsystem_info.dylib
0x00007ff81ca58000 	/usr/lib/system/libsystem_m.dylib
0x00007ff811757000 	/usr/lib/system/libsystem_malloc.dylib
0x00007ff8167a9000 	/usr/lib/system/libsystem_networkextension.dylib
0x00007ff8142d5000 	/usr/lib/system/libsystem_notify.dylib
0x00007ff822e57000 	/usr/lib/system/libsystem_product_info_filter.dylib
0x00007ff81b471000 	/usr/lib/system/libsystem_sandbox.dylib
0x00007ff81cb18000 	/usr/lib/system/libsystem_secinit.dylib
0x00007ff8118ff000 	/usr/lib/system/libsystem_kernel.dylib
0x00007ff81194f000 	/usr/lib/system/libsystem_platform.dylib
0x00007ff811937000 	/usr/lib/system/libsystem_pthread.dylib
0x00007ff8180cb000 	/usr/lib/system/libsystem_symptoms.dylib
0x00007ff8116ac000 	/usr/lib/system/libsystem_trace.dylib
0x00007ff81caee000 	/usr/lib/system/libunwind.dylib
0x00007ff811670000 	/usr/lib/system/libxpc.dylib
0x00007ff8118e9000 	/usr/lib/libc++abi.dylib
0x00007ff8117ca000 	/usr/lib/libobjc.A.dylib
0x00007ff81caf9000 	/usr/lib/liboah.dylib
0x00007ff811890000 	/usr/lib/libc++.1.dylib
0x00007ff828c58000 	/System/Library/Frameworks/Cocoa.framework/Versions/A/Cocoa
0x00007ff814333000 	/System/Library/Frameworks/AppKit.framework/Versions/C/AppKit
0x00007ff8178a8000 	/System/Library/Frameworks/CoreData.framework/Versions/A/CoreData
0x00007ff812736000 	/System/Library/Frameworks/Foundation.framework/Versions/C/Foundation
0x00007ff8151c3000 	/System/Library/PrivateFrameworks/UIFoundation.framework/Versions/A/UIFoundation
0x00007ff822b5a000 	/System/Library/PrivateFrameworks/RemoteViewServices.framework/Versions/A/RemoteViewServices
0x00007ff81adf7000 	/System/Library/PrivateFrameworks/XCTTargetBootstrap.framework/Versions/A/XCTTargetBootstrap
0x00007ff81e9f0000 	/System/Library/PrivateFrameworks/InternationalSupport.framework/Versions/A/InternationalSupport
0x00007ff81ea7a000 	/System/Library/PrivateFrameworks/UserActivity.framework/Versions/A/UserActivity
0x00007ff81ddd4000 	/usr/lib/libspindump.dylib
0x00007ff815452000 	/System/Library/Frameworks/UniformTypeIdentifiers.framework/Versions/A/UniformTypeIdentifiers
0x00007ff81951b000 	/usr/lib/libapp_launch_measurement.dylib
0x00007ff81828b000 	/System/Library/PrivateFrameworks/CoreAnalytics.framework/Versions/A/CoreAnalytics
0x00007ff81951e000 	/System/Library/PrivateFrameworks/CoreAutoLayout.framework/Versions/A/CoreAutoLayout
0x00007ff81a74e000 	/System/Library/Frameworks/Metal.framework/Versions/A/Metal
0x00007ff81b47d000 	/usr/lib/liblangid.dylib
0x00007ff81adfc000 	/System/Library/PrivateFrameworks/CoreSVG.framework/Versions/A/CoreSVG
0x00007ff81683e000 	/System/Library/PrivateFrameworks/SkyLight.framework/Versions/A/SkyLight
0x00007ff816bdd000 	/System/Library/Frameworks/CoreGraphics.framework/Versions/A/CoreGraphics
0x00007ff82321a000 	/System/Library/Frameworks/Accelerate.framework/Versions/A/Accelerate
0x00007ff81d853000 	/System/Library/PrivateFrameworks/IconServices.framework/Versions/A/IconServices
0x00007ff81a733000 	/System/Library/Frameworks/IOSurface.framework/Versions/A/IOSurface
0x00007ff8182b9000 	/usr/lib/libDiagnosticMessagesClient.dylib
0x00007ff8268fc000 	/System/Library/Frameworks/ApplicationServices.framework/Versions/A/ApplicationServices
0x00007ff81ade3000 	/System/Library/PrivateFrameworks/DFRFoundation.framework/Versions/A/DFRFoundation
0x00007ff813c1b000 	/usr/lib/libicucore.A.dylib
0x00007ff81f7e6000 	/System/Library/Frameworks/AudioToolbox.framework/Versions/A/AudioToolbox
0x00007ff81e9fc000 	/System/Library/PrivateFrameworks/DataDetectorsCore.framework/Versions/A/DataDetectorsCore
0x00007ff91ac5d000 	/System/Library/PrivateFrameworks/TextInput.framework/Versions/A/TextInput
0x00007ff8167c1000 	/usr/lib/libMobileGestalt.dylib
0x00007ff81aaef000 	/System/Library/Frameworks/Carbon.framework/Versions/A/Frameworks/HIToolbox.framework/Versions/A/HIToolbox
0x00007ff818f1e000 	/System/Library/Frameworks/QuartzCore.framework/Versions/A/QuartzCore
0x00007ff8138c0000 	/System/Library/Frameworks/Security.framework/Versions/A/Security
0x00007ff822b92000 	/System/Library/Frameworks/Carbon.framework/Versions/A/Frameworks/SpeechRecognition.framework/Versions/A/SpeechRecognition
0x00007ff81927b000 	/System/Library/PrivateFrameworks/CoreUI.framework/Versions/A/CoreUI
0x00007ff81318a000 	/System/Library/Frameworks/CoreAudio.framework/Versions/A/CoreAudio
0x00007ff8183a8000 	/System/Library/Frameworks/DiskArbitration.framework/Versions/A/DiskArbitration
0x00007ff81e1c0000 	/System/Library/PrivateFrameworks/MultitouchSupport.framework/Versions/A/MultitouchSupport
0x00007ff8167c0000 	/usr/lib/libenergytrace.dylib
0x00007ff81421f000 	/System/Library/Frameworks/IOKit.framework/Versions/A/IOKit
0x00007ff822f82000 	/System/Library/Frameworks/CoreServices.framework/Versions/A/CoreServices
0x00007ff8194b5000 	/System/Library/PrivateFrameworks/PerformanceAnalysis.framework/Versions/A/PerformanceAnalysis
0x00007ffa2a739000 	/System/Library/Frameworks/OpenGL.framework/Versions/A/OpenGL
0x00007ff81c061000 	/System/Library/PrivateFrameworks/MobileKeyBag.framework/Versions/A/MobileKeyBag
0x00007ff817307000 	/System/Library/Frameworks/ColorSync.framework/Versions/A/ColorSync
0x00007ff811984000 	/System/Library/Frameworks/CoreFoundation.framework/Versions/A/CoreFoundation
0x00007ff81b073000 	/System/Library/Frameworks/CoreImage.framework/Versions/A/CoreImage
0x00007ff812f9e000 	/System/Library/Frameworks/CoreText.framework/Versions/A/CoreText
0x00007ff81ae2c000 	/System/Library/Frameworks/ImageIO.framework/Versions/A/ImageIO
0x00007ff81cb31000 	/System/Library/PrivateFrameworks/SoftLinking.framework/Versions/A/SoftLinking
0x00007ff819566000 	/usr/lib/libxml2.2.dylib
0x00007ff81cdb2000 	/usr/lib/libcompression.dylib
0x00007ff81e923000 	/System/Library/PrivateFrameworks/TextureIO.framework/Versions/A/TextureIO
0x00007ff81d4cc000 	/usr/lib/libate.dylib
0x00007ff81d28a000 	/usr/lib/liblzma.5.dylib
0x00007ff812448000 	/System/Library/Frameworks/SystemConfiguration.framework/Versions/A/SystemConfiguration
0x00007ff81cb2d000 	/usr/lib/libfakelink.dylib
0x00007ff816319000 	/System/Library/Frameworks/CFNetwork.framework/Versions/A/CFNetwork
0x00007ff81cc6e000 	/usr/lib/libarchive.2.dylib
0x00007ff81b479000 	/System/Library/PrivateFrameworks/AppleSystemInfo.framework/Versions/A/AppleSystemInfo
0x00007ff81c162000 	/usr/lib/libbsm.0.dylib
0x00007ff815928000 	/usr/lib/libnetwork.dylib
0x00007ff81cac6000 	/usr/lib/system/libkxld.dylib
0x00007ff81bd95000 	/System/Library/PrivateFrameworks/IOMobileFramebuffer.framework/Versions/A/IOMobileFramebuffer
0x00007ffb2a0f3000 	/usr/lib/libCoreEntitlements.dylib
0x00007ff81c7d4000 	/System/Library/PrivateFrameworks/AppleFSCompression.framework/Versions/A/AppleFSCompression
0x00007ff81c14a000 	/usr/lib/libcoretls.dylib
0x00007ff81d2a4000 	/usr/lib/libcoretls_cfhelpers.dylib
0x00007ff81cdad000 	/usr/lib/libpam.2.dylib
0x00007ff817ced000 	/usr/lib/libsqlite3.dylib
0x00007ff81d313000 	/usr/lib/libxar.1.dylib
0x00007ff81c7e4000 	/usr/lib/libbz2.1.0.dylib
0x00007ff81cb32000 	/usr/lib/libpcap.A.dylib
0x00007ff8180c3000 	/usr/lib/libdns_services.dylib
0x00007ff81cd80000 	/usr/lib/libapple_nghttp2.dylib
0x00007ff81cb6c000 	/usr/lib/libiconv.2.dylib
0x00007ff81cabf000 	/usr/lib/libcharset.1.dylib
0x00007ff8194e9000 	/System/Library/Frameworks/CoreServices.framework/Versions/A/Frameworks/FSEvents.framework/Versions/A/FSEvents
0x00007ff813eb9000 	/System/Library/Frameworks/CoreServices.framework/Versions/A/Frameworks/CarbonCore.framework/Versions/A/CarbonCore
0x00007ff81830c000 	/System/Library/Frameworks/CoreServices.framework/Versions/A/Frameworks/Metadata.framework/Versions/A/Metadata
0x00007ff81c7f7000 	/System/Library/Frameworks/CoreServices.framework/Versions/A/Frameworks/OSServices.framework/Versions/A/OSServices
0x00007ff81ccf5000 	/System/Library/Frameworks/CoreServices.framework/Versions/A/Frameworks/SearchKit.framework/Versions/A/SearchKit
0x00007ff818055000 	/System/Library/Frameworks/CoreServices.framework/Versions/A/Frameworks/AE.framework/Versions/A/AE
0x00007ff811e85000 	/System/Library/Frameworks/CoreServices.framework/Versions/A/Frameworks/LaunchServices.framework/Versions/A/LaunchServices
0x00007ff81d23b000 	/System/Library/Frameworks/CoreServices.framework/Versions/A/Frameworks/DictionaryServices.framework/Versions/A/DictionaryServices
0x00007ff8194f6000 	/System/Library/Frameworks/CoreServices.framework/Versions/A/Frameworks/SharedFileList.framework/Versions/A/SharedFileList
0x00007ff81c13e000 	/usr/lib/libCheckFix.dylib
0x00007ff816825000 	/System/Library/PrivateFrameworks/TCC.framework/Versions/A/TCC
0x00007ff81b47f000 	/System/Library/PrivateFrameworks/CoreNLP.framework/Versions/A/CoreNLP
0x00007ff8182bc000 	/System/Library/PrivateFrameworks/MetadataUtilities.framework/Versions/A/MetadataUtilities
0x00007ff8124f9000 	/usr/lib/libmecabra.dylib
0x00007ff81c172000 	/usr/lib/libmecab.dylib
0x00007ff8124c4000 	/usr/lib/libCRFSuite.dylib
0x00007ff81c1cc000 	/usr/lib/libgermantok.dylib
0x00007ff81cd5b000 	/usr/lib/libThaiTokenizer.dylib
0x00007ff8183af000 	/System/Library/Frameworks/Accelerate.framework/Versions/A/Frameworks/vImage.framework/Versions/A/vImage
0x00007ff822f59000 	/System/Library/Frameworks/Accelerate.framework/Versions/A/Frameworks/vecLib.framework/Versions/A/vecLib
0x00007ff81d354000 	/System/Library/Frameworks/Accelerate.framework/Versions/A/Frameworks/vecLib.framework/Versions/A/libvMisc.dylib
0x00007ff81bb94000 	/System/Library/Frameworks/Accelerate.framework/Versions/A/Frameworks/vecLib.framework/Versions/A/libvDSP.dylib
0x00007ff812200000 	/System/Library/Frameworks/Accelerate.framework/Versions/A/Frameworks/vecLib.framework/Versions/A/libBLAS.dylib
0x00007ff81ce90000 	/System/Library/Frameworks/Accelerate.framework/Versions/A/Frameworks/vecLib.framework/Versions/A/libLAPACK.dylib
0x00007ff81c1cf000 	/System/Library/Frameworks/Accelerate.framework/Versions/A/Frameworks/vecLib.framework/Versions/A/libLinearAlgebra.dylib
0x00007ff81cd98000 	/System/Library/Frameworks/Accelerate.framework/Versions/A/Frameworks/vecLib.framework/Versions/A/libSparseBLAS.dylib
0x00007ff81ce8a000 	/System/Library/Frameworks/Accelerate.framework/Versions/A/Frameworks/vecLib.framework/Versions/A/libQuadrature.dylib
0x00007ff81b56a000 	/System/Library/Frameworks/Accelerate.framework/Versions/A/Frameworks/vecLib.framework/Versions/A/libBNNS.dylib
0x00007ff8123d2000 	/System/Library/Frameworks/Accelerate.framework/Versions/A/Frameworks/vecLib.framework/Versions/A/libSparse.dylib
0x00007ff81b563000 	/System/Library/PrivateFrameworks/LinguisticData.framework/Versions/A/LinguisticData
0x00007ff812388000 	/System/Library/PrivateFrameworks/Lexicon.framework/Versions/A/Lexicon
0x00007ff81d34d000 	/usr/lib/libChineseTokenizer.dylib
0x00007ff812af3000 	/System/Library/PrivateFrameworks/LanguageModeling.framework/Versions/A/LanguageModeling
0x00007ff81cd5d000 	/System/Library/PrivateFrameworks/AppleSauce.framework/Versions/A/AppleSauce
0x00007ff81bd83000 	/System/Library/PrivateFrameworks/CoreEmoji.framework/Versions/A/CoreEmoji
0x00007ff81cc5d000 	/usr/lib/libcmph.dylib
0x00007ff8194cd000 	/System/Library/Frameworks/OpenDirectory.framework/Versions/A/Frameworks/CFOpenDirectory.framework/Versions/A/CFOpenDirectory
0x00007ff8194c1000 	/System/Library/Frameworks/OpenDirectory.framework/Versions/A/OpenDirectory
0x00007ff81d2a6000 	/System/Library/PrivateFrameworks/APFS.framework/Versions/A/APFS
0x00007ff81c099000 	/System/Library/Frameworks/SecurityFoundation.framework/Versions/A/SecurityFoundation
0x00007ff81d321000 	/usr/lib/libutil.dylib
0x00007ff8141e3000 	/System/Library/PrivateFrameworks/CoreServicesStore.framework/Versions/A/CoreServicesStore
0x00007ff81d325000 	/usr/lib/libxslt.1.dylib
0x00007ff81c126000 	/System/Library/PrivateFrameworks/BackgroundTaskManagement.framework/Versions/A/BackgroundTaskManagement
0x00007ff81e844000 	/System/Library/Frameworks/ImageIO.framework/Versions/A/Resources/libRadiance.dylib
0x00007ff81e84d000 	/System/Library/Frameworks/ImageIO.framework/Versions/A/Resources/libJPEG.dylib
0x00007ff81e79f000 	/System/Library/Frameworks/ImageIO.framework/Versions/A/Resources/libPng.dylib
0x00007ff81e7c0000 	/System/Library/Frameworks/ImageIO.framework/Versions/A/Resources/libTIFF.dylib
0x00007ff81e8ac000 	/System/Library/Frameworks/ImageIO.framework/Versions/A/Resources/libGIF.dylib
0x00007ff81e0dc000 	/System/Library/Frameworks/ImageIO.framework/Versions/A/Resources/libJP2.dylib
0x00007ff81d81a000 	/usr/lib/libexpat.1.dylib
0x00007ff81e091000 	/System/Library/PrivateFrameworks/AppleJPEG.framework/Versions/A/AppleJPEG
0x00007ff81a9b3000 	/System/Library/PrivateFrameworks/FontServices.framework/libFontParser.dylib
0x00007ff817fff000 	/System/Library/PrivateFrameworks/RunningBoardServices.framework/Versions/A/RunningBoardServices
0x00007ff829213000 	/System/Library/PrivateFrameworks/IOSurfaceAccelerator.framework/Versions/A/IOSurfaceAccelerator
0x00007ff81e1bc000 	/System/Library/PrivateFrameworks/WatchdogClient.framework/Versions/A/WatchdogClient
0x00007ff812be1000 	/System/Library/Frameworks/CoreDisplay.framework/Versions/A/CoreDisplay
0x00007ff81a8b1000 	/System/Library/Frameworks/CoreMedia.framework/Versions/A/CoreMedia
0x00007ff81a745000 	/System/Library/PrivateFrameworks/IOAccelerator.framework/Versions/A/IOAccelerator
0x00007ff81964a000 	/System/Library/Frameworks/CoreVideo.framework/Versions/A/CoreVideo
0x00007ff81cdab000 	/System/Library/Frameworks/MetalPerformanceShaders.framework/Versions/A/MetalPerformanceShaders
0x00007ff81e1f9000 	/System/Library/Frameworks/VideoToolbox.framework/Versions/A/VideoToolbox
0x00007ff817f49000 	/System/Library/PrivateFrameworks/BaseBoard.framework/Versions/A/BaseBoard
0x00007ff817cd3000 	/System/Library/PrivateFrameworks/ProtocolBuffer.framework/Versions/A/ProtocolBuffer
0x00007ff81e83d000 	/System/Library/PrivateFrameworks/GPUWrangler.framework/Versions/A/GPUWrangler
0x00007ff81e821000 	/System/Library/PrivateFrameworks/IOPresentment.framework/Versions/A/IOPresentment
0x00007ff81e847000 	/System/Library/PrivateFrameworks/DSExternalDisplay.framework/Versions/A/DSExternalDisplay
0x00007ffa2a72d000 	/System/Library/Frameworks/OpenGL.framework/Versions/A/Libraries/libCoreFSCache.dylib
0x00007ffb177f4000 	/System/Library/PrivateFrameworks/GPUCompiler.framework/Versions/31001/Libraries/libGPUCompilerUtils.dylib
0x00007ff81e8b1000 	/System/Library/PrivateFrameworks/CMCaptureCore.framework/Versions/A/CMCaptureCore
0x00007ff81ddc2000 	/System/Library/PrivateFrameworks/AppServerSupport.framework/Versions/A/AppServerSupport
0x00007ff82007f000 	/System/Library/PrivateFrameworks/perfdata.framework/Versions/A/perfdata
0x00007ff812d0d000 	/System/Library/PrivateFrameworks/AudioToolboxCore.framework/Versions/A/AudioToolboxCore
0x00007ff81a88f000 	/System/Library/PrivateFrameworks/caulk.framework/Versions/A/caulk
0x00007ff81f991000 	/usr/lib/libAudioStatistics.dylib
0x00007ff9173eb000 	/System/Library/PrivateFrameworks/SystemPolicy.framework/Versions/A/SystemPolicy
0x00007ff81fbec000 	/usr/lib/libSMC.dylib
0x00007ff828b0b000 	/System/Library/Frameworks/CoreMIDI.framework/Versions/A/CoreMIDI
0x00007ff81e76e000 	/usr/lib/libAudioToolboxUtility.dylib
0x00007ff913617000 	/System/Library/PrivateFrameworks/OSAServicesClient.framework/Versions/A/OSAServicesClient
0x00007ff82008c000 	/usr/lib/libperfcheck.dylib
0x00007ff917e98000 	/usr/lib/libmis.dylib
0x00007ffa2a788000 	/System/Library/Frameworks/OpenGL.framework/Versions/A/Libraries/libGLU.dylib
0x00007ffa2a74c000 	/System/Library/Frameworks/OpenGL.framework/Versions/A/Libraries/libGFXShared.dylib
0x00007ffa2a955000 	/System/Library/Frameworks/OpenGL.framework/Versions/A/Libraries/libGL.dylib
0x00007ffa2a755000 	/System/Library/Frameworks/OpenGL.framework/Versions/A/Libraries/libGLImage.dylib
0x00007ffa2a749000 	/System/Library/Frameworks/OpenGL.framework/Versions/A/Libraries/libCVMSPluginSupport.dylib
0x00007ffa2a734000 	/System/Library/Frameworks/OpenGL.framework/Versions/A/Libraries/libCoreVMClient.dylib
0x00007ff81b3fb000 	/System/Library/Frameworks/MetalPerformanceShaders.framework/Versions/A/Frameworks/MPSCore.framework/Versions/A/MPSCore
0x00007ff81c73f000 	/System/Library/Frameworks/MetalPerformanceShaders.framework/Versions/A/Frameworks/MPSImage.framework/Versions/A/MPSImage
0x00007ff81c1e5000 	/System/Library/Frameworks/MetalPerformanceShaders.framework/Versions/A/Frameworks/MPSNeuralNetwork.framework/Versions/A/MPSNeuralNetwork
0x00007ff81c659000 	/System/Library/Frameworks/MetalPerformanceShaders.framework/Versions/A/Frameworks/MPSMatrix.framework/Versions/A/MPSMatrix
0x00007ff81c414000 	/System/Library/Frameworks/MetalPerformanceShaders.framework/Versions/A/Frameworks/MPSRayIntersector.framework/Versions/A/MPSRayIntersector
0x00007ff81c691000 	/System/Library/Frameworks/MetalPerformanceShaders.framework/Versions/A/Frameworks/MPSNDArray.framework/Versions/A/MPSNDArray
0x00007ffa3020d000 	/System/Library/Frameworks/MetalPerformanceShaders.framework/Versions/A/Frameworks/MPSFunctions.framework/Versions/A/MPSFunctions
0x00007ff8120dc000 	/System/Library/PrivateFrameworks/MetalTools.framework/Versions/A/MetalTools
0x00007ff81b477000 	/System/Library/PrivateFrameworks/AggregateDictionary.framework/Versions/A/AggregateDictionary
0x00007ff81d5fc000 	/usr/lib/libIOReport.dylib
0x00007ffa2bd64000 	/System/Library/Frameworks/OpenCL.framework/Versions/A/OpenCL
0x00007ff81d960000 	/System/Library/PrivateFrameworks/FaceCore.framework/Versions/A/FaceCore
0x00007ff81d951000 	/System/Library/PrivateFrameworks/GraphVisualizer.framework/Versions/A/GraphVisualizer
0x00007ffb176ff000 	/System/Library/PrivateFrameworks/FontServices.framework/Versions/A/FontServices
0x00007ff81dd7a000 	/System/Library/PrivateFrameworks/OTSVG.framework/Versions/A/OTSVG
0x00007ff819231000 	/System/Library/Frameworks/ApplicationServices.framework/Versions/A/Frameworks/ATS.framework/Versions/A/Resources/libFontRegistry.dylib
0x00007ff81ddca000 	/System/Library/PrivateFrameworks/FontServices.framework/libhvf.dylib
0x00007ffb17700000 	/System/Library/PrivateFrameworks/FontServices.framework/libXTFontStaticRegistryData.dylib
0x00007ff81d7ca000 	/System/Library/PrivateFrameworks/AppleVA.framework/Versions/A/AppleVA
0x00007ff81f9b1000 	/System/Library/Frameworks/ApplicationServices.framework/Versions/A/Frameworks/ATS.framework/Versions/A/ATS
0x00007ff817405000 	/System/Library/Frameworks/ApplicationServices.framework/Versions/A/Frameworks/HIServices.framework/Versions/A/HIServices
0x00007ff81e8bb000 	/System/Library/Frameworks/ApplicationServices.framework/Versions/A/Frameworks/PrintCore.framework/Versions/A/PrintCore
0x00007ff81fd3f000 	/System/Library/Frameworks/ApplicationServices.framework/Versions/A/Frameworks/QD.framework/Versions/A/QD
0x00007ff81fd37000 	/System/Library/Frameworks/ApplicationServices.framework/Versions/A/Frameworks/ColorSyncLegacy.framework/Versions/A/ColorSyncLegacy
0x00007ff81f9a1000 	/System/Library/Frameworks/ApplicationServices.framework/Versions/A/Frameworks/SpeechSynthesis.framework/Versions/A/SpeechSynthesis
0x00007ff81e87c000 	/System/Library/Frameworks/ApplicationServices.framework/Versions/A/Frameworks/ATSUI.framework/Versions/A/ATSUI
0x00007ff81fccc000 	/usr/lib/libcups.2.dylib
0x00007ff82009b000 	/System/Library/Frameworks/Kerberos.framework/Versions/A/Kerberos
0x00007ff8200aa000 	/System/Library/Frameworks/GSS.framework/Versions/A/GSS
0x00007ff81fa1d000 	/usr/lib/libresolv.9.dylib
0x00007ff81ddd9000 	/System/Library/PrivateFrameworks/Heimdal.framework/Versions/A/Heimdal
0x00007ff826c8e000 	/System/Library/Frameworks/Kerberos.framework/Versions/A/Libraries/libHeimdalProxy.dylib
0x00007ff8180d3000 	/System/Library/Frameworks/Network.framework/Versions/A/Network
0x00007ff81d834000 	/usr/lib/libheimdal-asn1.dylib
0x00007ff8200f5000 	/System/Library/PrivateFrameworks/CommonAuth.framework/Versions/A/CommonAuth
0x00007ff81f923000 	/System/Library/PrivateFrameworks/AudioSession.framework/Versions/A/AudioSession
0x00007ff81d8c4000 	/System/Library/PrivateFrameworks/MediaExperience.framework/Versions/A/MediaExperience
0x00007ff81f7b5000 	/System/Library/PrivateFrameworks/AudioSession.framework/libSessionUtility.dylib
0x00007ff81fd4b000 	/System/Library/PrivateFrameworks/AudioResourceArbitration.framework/Versions/A/AudioResourceArbitration
0x00007ff823dcc000 	/System/Library/PrivateFrameworks/PowerLog.framework/Versions/A/PowerLog
0x00007ff81d83d000 	/System/Library/PrivateFrameworks/IconFoundation.framework/Versions/A/IconFoundation
0x00007ff822b82000 	/System/Library/PrivateFrameworks/SpeechRecognitionCore.framework/Versions/A/SpeechRecognitionCore
0x000000011293b000 	/Library/Ballerina/dependencies/jdk-17.0.7+7-jre/lib/server/libjvm.dylib
0x0000000111800000 	/Library/Ballerina/dependencies/jdk-17.0.7+7-jre/lib/libjimage.dylib
0x0000000111886000 	/Library/Ballerina/dependencies/jdk-17.0.7+7-jre/lib/libjava.dylib
0x0000000112252000 	/Library/Ballerina/dependencies/jdk-17.0.7+7-jre/lib/libnio.dylib
0x000000011229e000 	/Library/Ballerina/dependencies/jdk-17.0.7+7-jre/lib/libnet.dylib
0x00000001122dd000 	/Library/Ballerina/dependencies/jdk-17.0.7+7-jre/lib/libzip.dylib
0x00000001123d8000 	/Library/Ballerina/dependencies/jdk-17.0.7+7-jre/lib/libverify.dylib
0x000000012ec47000 	/Library/Ballerina/dependencies/jdk-17.0.7+7-jre/lib/libextnet.dylib


VM Arguments:
jvm_args: -Xbootclasspath/a: -Xms256m -Xmx1024m -XX:+HeapDumpOnOutOfMemoryError -Dballerina.home=/Library/Ballerina/distributions/ballerina-2201.8.4 -Dballerina.version=2201.8.4 -Denable.nonblocking=false -Djava.security.egd=file:/dev/./urandom -Dfile.encoding=UTF8 -Dballerina.target=jvm -Djava.command=/Library/Ballerina/bin/../distributions/ballerina-2201.8.4/../../dependencies/jdk-17.0.7+7-jre/bin/java 
java_command: io.ballerina.cli.launcher.Main start-language-server
java_class_path (initial): :/Library/Ballerina/distributions/ballerina-2201.8.4/bre/lib/annotations-2201.8.4.jar:/Library/Ballerina/distributions/ballerina-2201.8.4/bre/lib/architecture-model-generator-core-1.3.1.jar:/Library/Ballerina/distributions/ballerina-2201.8.4/bre/lib/architecture-model-generator-plugin-1.3.1.jar:/Library/Ballerina/distributions/ballerina-2201.8.4/bre/lib/array-2201.8.4.jar:/Library/Ballerina/distributions/ballerina-2201.8.4/bre/lib/asm-9.5.jar:/Library/Ballerina/distributions/ballerina-2201.8.4/bre/lib/asm-analysis-9.5.jar:/Library/Ballerina/distributions/ballerina-2201.8.4/bre/lib/asm-commons-9.5.jar:/Library/Ballerina/distributions/ballerina-2201.8.4/bre/lib/asm-tree-9.5.jar:/Library/Ballerina/distributions/ballerina-2201.8.4/bre/lib/asm-util-9.5.jar:/Library/Ballerina/distributions/ballerina-2201.8.4/bre/lib/asyncapi-cli-0.7.1.jar:/Library/Ballerina/distributions/ballerina-2201.8.4/bre/lib/atomikos-util-5.0.8.jar:/Library/Ballerina/distributions/ballerina-2201.8.4/bre/lib/axiom-api-1.4.0.jar:/Library/Ballerina/distributions/ballerina-2201.8.4/bre/lib/axiom-impl-1.4.0.jar:/Library/Ballerina/distributions/ballerina-2201.8.4/bre/lib/ballerina-bindgen-2201.8.4.jar:/Library/Ballerina/distributions/ballerina-2201.8.4/bre/lib/ballerina-cli-2201.8.4.jar:/Library/Ballerina/distributions/ballerina-2201.8.4/bre/lib/ballerina-io-internal-2201.8.4.jar:/Library/Ballerina/distributions/ballerina-2201.8.4/bre/lib/ballerina-lang-2201.8.4.jar:/Library/Ballerina/distributions/ballerina-2201.8.4/bre/lib/ballerina-linter-2201.8.4.jar:/Library/Ballerina/distributions/ballerina-2201.8.4/bre/lib/ballerina-metrics-extension-2201.8.4.jar:/Library/Ballerina/distributions/ballerina-2201.8.4/bre/lib/ballerina-parser-2201.8.4.jar:/Library/Ballerina/distributions/ballerina-2201.8.4/bre/lib/ballerina-profiler-1.0.jar:/Library/Ballerina/distributions/ballerina-2201.8.4/bre/lib/ballerina-rt-2201.8.4.jar:/Library/Ballerina/distributions/ballerina-2201.8.4/bre/lib/baller
Launcher Type: SUN_STANDARD

[Global flags]
     intx CICompilerCount                          = 4                                         {product} {ergonomic}
     uint ConcGCThreads                            = 2                                         {product} {ergonomic}
     uint G1ConcRefinementThreads                  = 9                                         {product} {ergonomic}
   size_t G1HeapRegionSize                         = 1048576                                   {product} {ergonomic}
    uintx GCDrainStackTargetSize                   = 64                                        {product} {ergonomic}
     bool HeapDumpOnOutOfMemoryError               = true                                   {manageable} {command line}
   size_t InitialHeapSize                          = 268435456                                 {product} {command line}
   size_t MarkStackSize                            = 4194304                                   {product} {ergonomic}
   size_t MaxHeapSize                              = 1073741824                                {product} {command line}
   size_t MaxNewSize                               = 643825664                                 {product} {ergonomic}
   size_t MinHeapDeltaBytes                        = 1048576                                   {product} {ergonomic}
   size_t MinHeapSize                              = 268435456                                 {product} {command line}
    uintx NonNMethodCodeHeapSize                   = 5839372                                {pd product} {ergonomic}
    uintx NonProfiledCodeHeapSize                  = 122909434                              {pd product} {ergonomic}
    uintx ProfiledCodeHeapSize                     = 122909434                              {pd product} {ergonomic}
    uintx ReservedCodeCacheSize                    = 251658240                              {pd product} {ergonomic}
     bool SegmentedCodeCache                       = true                                      {product} {ergonomic}
   size_t SoftMaxHeapSize                          = 1073741824                             {manageable} {ergonomic}
     bool UseCompressedClassPointers               = true                           {product lp64_product} {ergonomic}
     bool UseCompressedOops                        = true                           {product lp64_product} {ergonomic}
     bool UseG1GC                                  = true                                      {product} {ergonomic}
     bool UseNUMA                                  = false                                     {product} {ergonomic}
     bool UseNUMAInterleaving                      = false                                     {product} {ergonomic}

Logging:
Log output configuration:
 #0: stdout all=warning uptime,level,tags
 #1: stderr all=off uptime,level,tags

Environment Variables:
JAVA_HOME=/Library/Ballerina/bin/../distributions/ballerina-2201.8.4/../../dependencies/jdk-17.0.7+7-jre
PATH=/Users/divya/Documents/Updated-Base-products/MI/apictl:/Users/divya/.rd/bin:/Library/Java/JavaVirtualMachines/temurin-11.jdk/Contents/Home:/opt/homebrew/bin:/opt/homebrew/sbin:/usr/local/bin:/usr/bin:/bin:/usr/sbin:/sbin:/usr/local/go/bin:/Library/Ballerina/bin
SHELL=/bin/zsh
TMPDIR=/var/folders/1y/nhvzx7yd4zq2_5tg43gg3jz40000gn/T/

Active Locale:
LC_ALL=C
LC_COLLATE=C
LC_CTYPE=C
LC_MESSAGES=C
LC_MONETARY=C
LC_NUMERIC=C
LC_TIME=C

Signal Handlers:
   SIGSEGV: _ZL13crash_handleriP9__siginfoPv in libjvm.dylib, mask=11100110100111111111111111111111, flags=SA_RESTART|SA_SIGINFO, unblocked
    SIGBUS: _ZL13crash_handleriP9__siginfoPv in libjvm.dylib, mask=11100110100111111111111111111111, flags=SA_RESTART|SA_SIGINFO, unblocked
    SIGFPE: _ZL13crash_handleriP9__siginfoPv in libjvm.dylib, mask=11100110100111111111111111111111, flags=SA_RESTART|SA_SIGINFO, unblocked
   SIGPIPE: _ZL17javaSignalHandleriP9__siginfoPv in libjvm.dylib, mask=11100110100111111111111111111111, flags=SA_RESTART|SA_SIGINFO, blocked
   SIGXFSZ: _ZL17javaSignalHandleriP9__siginfoPv in libjvm.dylib, mask=11100110100111111111111111111111, flags=SA_RESTART|SA_SIGINFO, blocked
    SIGILL: _ZL13crash_handleriP9__siginfoPv in libjvm.dylib, mask=11100110100111111111111111111111, flags=SA_RESTART|SA_SIGINFO, unblocked
   SIGUSR2: _ZL10SR_handleriP9__siginfoP17__darwin_ucontext in libjvm.dylib, mask=00000000000000000000000000000000, flags=SA_RESTART|SA_SIGINFO, blocked
    SIGHUP: _ZL11UserHandleriPvS_ in libjvm.dylib, mask=11100110100111111111111111111111, flags=SA_RESTART|SA_SIGINFO, blocked
    SIGINT: _ZL11UserHandleriPvS_ in libjvm.dylib, mask=11100110100111111111111111111111, flags=SA_RESTART|SA_SIGINFO, blocked
   SIGTERM: _ZL11UserHandleriPvS_ in libjvm.dylib, mask=11100110100111111111111111111111, flags=SA_RESTART|SA_SIGINFO, blocked
   SIGQUIT: _ZL11UserHandleriPvS_ in libjvm.dylib, mask=11100110100111111111111111111111, flags=SA_RESTART|SA_SIGINFO, blocked
   SIGTRAP: _ZL13crash_handleriP9__siginfoPv in libjvm.dylib, mask=11100110100111111111111111111111, flags=SA_RESTART|SA_SIGINFO, unblocked


---------------  S Y S T E M  ---------------

OS:
uname: Darwin 21.6.0 Darwin Kernel Version 21.6.0: Wed Aug 10 14:28:23 PDT 2022; root:xnu-8020.141.5~2/RELEASE_ARM64_T6000 x86_64
OS uptime: 80 days 18:55 hours
rlimit (soft/hard): STACK 8176k/65520k , CORE 0k/infinity , NPROC 2666/4000 , NOFILE 10240/infinity , AS infinity/infinity , CPU infinity/infinity , DATA infinity/infinity , FSIZE infinity/infinity , MEMLOCK infinity/infinity , RSS infinity/infinity
load average: 2.80 3.24 3.26

CPU: (EMULATED) total 10 (initial active 10) (1 cores per cpu, 1 threads per core) family 6 model 44 stepping 0 microcode 0x0, cx8, cmov, fxsr, mmx, sse, sse2, sse3, ssse3, sse4.1, sse4.2, popcnt, tsc, tscinvbit, aes, clmul, clflush

Memory: 4k page, physical 16777216k(205136k free), swap 6291456k(1174080k free)

vm_info: OpenJDK 64-Bit Server VM (17.0.7+7) for bsd-amd64 JRE (17.0.7+7), built on Apr 18 2023 21:54:37 by "temurin" with clang 4.2.1 Compatible Apple LLVM 10.0.1 (clang-1001.0.46.4)

END.
