#
# A fatal error has been detected by the Java Runtime Environment:
#
#  SIGFPE (0x8) at pc=0x00007ff81190097a, pid=88900, tid=259
#
# JRE version: OpenJDK Runtime Environment Temurin-17.0.7+7 (17.0.7+7) (build 17.0.7+7)
# Java VM: OpenJDK 64-Bit Server VM Temurin-17.0.7+7 (17.0.7+7, mixed mode, tiered, compressed oops, compressed class ptrs, g1 gc, bsd-amd64)
# Problematic frame:
# C  [libsystem_kernel.dylib+0x197a]  mach_msg_trap+0xa
#
# No core dump will be written. Core dumps have been disabled. To enable core dumping, try "ulimit -c unlimited" before starting Java again
#
# If you would like to submit a bug report, please visit:
#   https://github.com/adoptium/adoptium-support/issues
#

---------------  S U M M A R Y ------------

Command Line: -XX:+HeapDumpOnOutOfMemoryError -XX:HeapDumpPath=/Users/divya/Documents/git-repos/devportal -agentlib:jdwp=transport=dt_socket,server=y,suspend=y,address=*:5010 divya.devportal.0.$_init

Host: "MacBookPro18,1" x86_64 (EMULATED) 2400 MHz, 10 cores, 16G, Darwin 21.6.0, macOS 10.16 (21G83)
Time: Fri Jan 19 10:36:05 2024 +0530 elapsed time: 1886.447918 seconds (0d 0h 31m 26s)

---------------  T H R E A D  ---------------

Current thread is native thread

Stack: [0x0000000303db8000,0x00000003045b8000],  sp=0x00000003045b2688,  free space=8169k
Native frames: (J=compiled Java code, j=interpreted, Vv=VM code, C=native code)
C  [libsystem_kernel.dylib+0x197a]  mach_msg_trap+0xa
C  [CoreFoundation+0x7f560]  __CFRunLoopServiceMachPort+0x13f
C  [CoreFoundation+0x7dbf0]  __CFRunLoopRun+0x4fc
C  [CoreFoundation+0x7d034]  CFRunLoopRunSpecific+0x232
C  [libjli.dylib+0x6f32]  CreateExecutionEnvironment+0x192
C  [libjli.dylib+0x2955]  JLI_Launch+0x605
C  [java+0xc0e]  main+0x19e
C  0x000000020048252e


siginfo: si_signo: 8 (SIGFPE), si_code: 7 (FPE_INTDIV), si_addr: 0x00007ff81190097a

Registers:
RAX=0x0000000010004005, RBX=0x0000000000000c00, RCX=0x0000000000000c00, RDX=0x0000000007000806
RSP=0x00000003045b2688, RBP=0x00000003045b26e0, RSI=0x0000000007000806, RDI=0x00000003045b2870
R8 =0x0000000000001603, R9 =0x00000000ffffffff, R10=0x0000000000000c00, R11=0x00007f92dbf10ff8
R12=0x0000000000001603, R13=0x00000003045b2870, R14=0x0000000000000000, R15=0x0000000007000806
RIP=0x00007ff81190097a, EFLAGS=0x0000000000000206, ERR=0x0000000000000000
  TRAPNO=0x00000000000000de

Top of Stack: (sp=0x00000003045b2688)
0x00000003045b2688:   00007ff811900ce8 0000000000000000
0x00000003045b2698:   00000000ffffffff 0000000307000806
0x00000003045b26a8:   00000003045b2870 ffffffff00000000
0x00000003045b26b8:   00007f92dbf11150 0000000000001603
0x00000003045b26c8:   00000003045b2870 00007f92dbf10fd0
0x00000003045b26d8:   00000003045b27e8 00000003045b2760
0x00000003045b26e8:   00007ff811a03560 00007f9200000000
0x00000003045b26f8:   0000000000000000 00000003045b27f8
0x00000003045b2708:   00000003045b27e4 070008061161c000
0x00000003045b2718:   0000000000000000 00000003045b27f0
0x00000003045b2728:   00000000ffffffff 00001603ffffffff
0x00000003045b2738:   0000000000000000 0000000000001603
0x00000003045b2748:   00000000ffffffff 00007f92dbf10fd0
0x00000003045b2758:   00007f92dbf11150 00000003045b34a0
0x00000003045b2768:   00007ff811a01bf0 00007f92dbf10fd0
0x00000003045b2778:   00007f92dbf11150 00000002004b9288
0x00000003045b2788:   0000000000002903 00007f92dbf11208
0x00000003045b2798:   00007ff85445dd70 0000000000002703
0x00000003045b27a8:   0000000000000000 4415af1d78b58c00
0x00000003045b27b8:   ffffffffffffffff 00007f92dbf11160
0x00000003045b27c8:   00007f92dbf10fe0 0000000000002903
0x00000003045b27d8:   41c5ad19af55fd93 0000000000002703
0x00000003045b27e8:   00000003045b2870 0000000000000000
0x00000003045b27f8:   ffffffffffffffff 00007ff81cb26000
0x00000003045b2808:   00007ff81cae2000 00007ff81cb0b000
0x00000003045b2818:   00007ff81cb01000 00007ff8116c5000
0x00000003045b2828:   00007ff811783000 00007ff811943000
0x00000003045b2838:   00007ff81cb1d000 00007ff81cac0000
0x00000003045b2848:   00007ff81c13b000 00007ff81cb1b000
0x00000003045b2858:   00007ff81680e000 00007ff81166e000
0x00000003045b2868:   00007ff811807000 00000c0000000000
0x00000003045b2878:   0000160300000000 000000001a716000 

Instructions: (pc=0x00007ff81190097a)
0x00007ff81190087a:   44 89 f0 48 83 c4 08 5b 41 5c 41 5d 41 5e 41 5f
0x00007ff81190088a:   5d c3 49 89 ca b8 0a 00 00 01 0f 05 c3 90 49 89
0x00007ff81190089a:   ca b8 0b 00 00 01 0f 05 c3 90 49 89 ca b8 0c 00
0x00007ff8119008aa:   00 01 0f 05 c3 90 49 89 ca b8 0d 00 00 01 0f 05
0x00007ff8119008ba:   c3 90 49 89 ca b8 0e 00 00 01 0f 05 c3 90 49 89
0x00007ff8119008ca:   ca b8 0f 00 00 01 0f 05 c3 90 49 89 ca b8 10 00
0x00007ff8119008da:   00 01 0f 05 c3 90 49 89 ca b8 12 00 00 01 0f 05
0x00007ff8119008ea:   c3 90 49 89 ca b8 13 00 00 01 0f 05 c3 90 49 89
0x00007ff8119008fa:   ca b8 14 00 00 01 0f 05 c3 90 49 89 ca b8 15 00
0x00007ff81190090a:   00 01 0f 05 c3 90 49 89 ca b8 16 00 00 01 0f 05
0x00007ff81190091a:   c3 90 49 89 ca b8 17 00 00 01 0f 05 c3 90 49 89
0x00007ff81190092a:   ca b8 18 00 00 01 0f 05 c3 90 49 89 ca b8 19 00
0x00007ff81190093a:   00 01 0f 05 c3 90 49 89 ca b8 1a 00 00 01 0f 05
0x00007ff81190094a:   c3 90 49 89 ca b8 1b 00 00 01 0f 05 c3 90 49 89
0x00007ff81190095a:   ca b8 1c 00 00 01 0f 05 c3 90 49 89 ca b8 1d 00
0x00007ff81190096a:   00 01 0f 05 c3 90 49 89 ca b8 1f 00 00 01 0f 05
0x00007ff81190097a:   c3 90 49 89 ca b8 20 00 00 01 0f 05 c3 90 49 89
0x00007ff81190098a:   ca b8 21 00 00 01 0f 05 c3 90 49 89 ca b8 22 00
0x00007ff81190099a:   00 01 0f 05 c3 90 49 89 ca b8 23 00 00 01 0f 05
0x00007ff8119009aa:   c3 90 49 89 ca b8 24 00 00 01 0f 05 c3 90 49 89
0x00007ff8119009ba:   ca b8 25 00 00 01 0f 05 c3 90 49 89 ca b8 26 00
0x00007ff8119009ca:   00 01 0f 05 c3 90 49 89 ca b8 27 00 00 01 0f 05
0x00007ff8119009da:   c3 90 49 89 ca b8 28 00 00 01 0f 05 c3 90 49 89
0x00007ff8119009ea:   ca b8 29 00 00 01 0f 05 c3 90 49 89 ca b8 2a 00
0x00007ff8119009fa:   00 01 0f 05 c3 90 49 89 ca b8 2b 00 00 01 0f 05
0x00007ff811900a0a:   c3 90 49 89 ca b8 2c 00 00 01 0f 05 c3 90 49 89
0x00007ff811900a1a:   ca b8 2d 00 00 01 0f 05 c3 90 49 89 ca b8 2e 00
0x00007ff811900a2a:   00 01 0f 05 c3 90 49 89 ca b8 30 00 00 01 0f 05
0x00007ff811900a3a:   c3 90 49 89 ca b8 31 00 00 01 0f 05 c3 90 49 89
0x00007ff811900a4a:   ca b8 32 00 00 01 0f 05 c3 90 49 89 ca b8 33 00
0x00007ff811900a5a:   00 01 0f 05 c3 90 49 89 ca b8 34 00 00 01 0f 05
0x00007ff811900a6a:   c3 90 49 89 ca b8 35 00 00 01 0f 05 c3 90 49 89 



---------------  P R O C E S S  ---------------

VM state: not at safepoint (normal execution)

VM Mutex/Monitor currently owned by a thread: None

Heap address: 0x0000000700000000, size: 4096 MB, Compressed Oops mode: Zero based, Oop shift amount: 3

CDS archive(s) not mapped
Compressed class space mapped at: 0x0000000800000000-0x0000000840000000, reserved size: 1073741824
Narrow klass base: 0x0000000800000000, Narrow klass shift: 0, Narrow klass range: 0x40000000

GC Precious Log:
<Skipped>

Heap:
 garbage-first heap   total 40960K, used 16853K [0x0000000700000000, 0x0000000800000000)
  region size 2048K, 5 young (10240K), 2 survivors (4096K)
 Metaspace       used 30613K, committed 30848K, reserved 1114112K
  class space    used 3784K, committed 3904K, reserved 1048576K

Heap Regions: E=young(eden), S=young(survivor), O=old, HS=humongous(starts), HC=humongous(continues), CS=collection set, F=free, OA=open archive, CA=closed archive, TAMS=top-at-mark-start (previous, next)
|   0|0x0000000700000000, 0x0000000700200000, 0x0000000700200000|100%| O|  |TAMS 0x0000000700200000, 0x0000000700000000| Untracked 
|   1|0x0000000700200000, 0x0000000700400000, 0x0000000700400000|100%| O|  |TAMS 0x0000000700400000, 0x0000000700200000| Untracked 
|   2|0x0000000700400000, 0x000000070059da00, 0x0000000700600000| 80%| O|  |TAMS 0x000000070059da00, 0x0000000700400000| Untracked 
|   3|0x0000000700600000, 0x0000000700800000, 0x0000000700800000|100%| O|  |TAMS 0x0000000700600000, 0x0000000700600000| Untracked 
|   4|0x0000000700800000, 0x00000007009a2200, 0x0000000700a00000| 81%| O|  |TAMS 0x0000000700800000, 0x0000000700800000| Untracked 
|   5|0x0000000700a00000, 0x0000000700a00000, 0x0000000700c00000|  0%| F|  |TAMS 0x0000000700a00000, 0x0000000700a00000| Untracked 
|   6|0x0000000700c00000, 0x0000000700c4e880, 0x0000000700e00000| 15%| S|CS|TAMS 0x0000000700c00000, 0x0000000700c00000| Complete 
|   7|0x0000000700e00000, 0x0000000701000000, 0x0000000701000000|100%| S|CS|TAMS 0x0000000700e00000, 0x0000000700e00000| Complete 
|   8|0x0000000701000000, 0x0000000701000000, 0x0000000701200000|  0%| F|  |TAMS 0x0000000701000000, 0x0000000701000000| Untracked 
|   9|0x0000000701200000, 0x0000000701200000, 0x0000000701400000|  0%| F|  |TAMS 0x0000000701200000, 0x0000000701200000| Untracked 
|  10|0x0000000701400000, 0x0000000701400000, 0x0000000701600000|  0%| F|  |TAMS 0x0000000701400000, 0x0000000701400000| Untracked 
|  11|0x0000000701600000, 0x0000000701600000, 0x0000000701800000|  0%| F|  |TAMS 0x0000000701600000, 0x0000000701600000| Untracked 
|  12|0x0000000701800000, 0x0000000701800000, 0x0000000701a00000|  0%| F|  |TAMS 0x0000000701800000, 0x0000000701800000| Untracked 
|  13|0x0000000701a00000, 0x0000000701a00000, 0x0000000701c00000|  0%| F|  |TAMS 0x0000000701a00000, 0x0000000701a00000| Untracked 
|  14|0x0000000701c00000, 0x0000000701c00000, 0x0000000701e00000|  0%| F|  |TAMS 0x0000000701c00000, 0x0000000701c00000| Untracked 
|  15|0x0000000701e00000, 0x0000000701e00000, 0x0000000702000000|  0%| F|  |TAMS 0x0000000701e00000, 0x0000000701e00000| Untracked 
|  16|0x0000000702000000, 0x0000000702000000, 0x0000000702200000|  0%| F|  |TAMS 0x0000000702000000, 0x0000000702000000| Untracked 
| 125|0x000000070fa00000, 0x000000070fae7000, 0x000000070fc00000| 45%| E|  |TAMS 0x000000070fa00000, 0x000000070fa00000| Complete 
| 126|0x000000070fc00000, 0x000000070fe00000, 0x000000070fe00000|100%| E|CS|TAMS 0x000000070fc00000, 0x000000070fc00000| Complete 
| 127|0x000000070fe00000, 0x0000000710000000, 0x0000000710000000|100%| E|CS|TAMS 0x000000070fe00000, 0x000000070fe00000| Complete 

Card table byte_map: [0x00000001265bb000,0x0000000126dbb000] _byte_map_base: 0x0000000122dbb000

Marking Bits (Prev, Next): (CMBitMap*) 0x00007f92dd827a50, (CMBitMap*) 0x00007f92dd827a10
 Prev Bits: [0x000000012b5bb000, 0x000000012f5bb000)
 Next Bits: [0x00000001275bb000, 0x000000012b5bb000)

Polling page: 0x0000000100096000

Metaspace:

Usage:
  Non-class:     26.20 MB used.
      Class:      3.70 MB used.
       Both:     29.90 MB used.

Virtual space:
  Non-class space:       64.00 MB reserved,      26.31 MB ( 41%) committed,  1 nodes.
      Class space:        1.00 GB reserved,       3.81 MB ( <1%) committed,  1 nodes.
             Both:        1.06 GB reserved,      30.12 MB (  3%) committed. 

Chunk freelists:
   Non-Class:  5.16 MB
       Class:  12.03 MB
        Both:  17.19 MB

MaxMetaspaceSize: unlimited
CompressedClassSpaceSize: 1.00 GB
Initial GC threshold: 21.00 MB
Current GC threshold: 35.12 MB
CDS: off
MetaspaceReclaimPolicy: balanced
 - commit_granule_bytes: 65536.
 - commit_granule_words: 8192.
 - virtual_space_node_default_size: 8388608.
 - enlarge_chunks_in_place: 1.
 - new_chunks_are_fully_committed: 0.
 - uncommit_free_chunks: 1.
 - use_allocation_guard: 0.
 - handle_deallocations: 1.


Internal statistics:

num_allocs_failed_limit: 3.
num_arena_births: 122.
num_arena_deaths: 0.
num_vsnodes_births: 2.
num_vsnodes_deaths: 0.
num_space_committed: 479.
num_space_uncommitted: 0.
num_chunks_returned_to_freelist: 3.
num_chunks_taken_from_freelist: 830.
num_chunk_merges: 0.
num_chunk_splits: 664.
num_chunks_enlarged: 577.
num_inconsistent_stats: 0.

CodeHeap 'non-profiled nmethods': size=120028Kb used=786Kb max_used=786Kb free=119241Kb
 bounds [0x000000011f084000, 0x000000011f2f4000, 0x00000001265bb000]
CodeHeap 'profiled nmethods': size=120028Kb used=3259Kb max_used=3259Kb free=116768Kb
 bounds [0x00000001175bb000, 0x00000001178eb000, 0x000000011eaf2000]
CodeHeap 'non-nmethods': size=5704Kb used=1229Kb max_used=1290Kb free=4474Kb
 bounds [0x000000011eaf2000, 0x000000011ed62000, 0x000000011f084000]
 total_blobs=2081 nmethods=1604 adapters=391
 compilation: enabled
              stopped_count=0, restarted_count=0
 full_count=0

Compilation events (20 events):
Event: 5.803 Thread 0x00007f92dc024000 1595       4       java.lang.String::checkBoundsOffCount (64 bytes)
Event: 5.804 Thread 0x00007f92dc024000 nmethod 1595 0x000000011f133890 code [0x000000011f133a20, 0x000000011f133ad8]
Event: 5.805 Thread 0x00007f92dc024000 1596   !   4       jdk.internal.loader.BuiltinClassLoader::loadClassOrNull (143 bytes)
Event: 5.808 Thread 0x00007f92dc024600 1597       1       java.lang.reflect.Method::getDeclaringClass (5 bytes)
Event: 5.808 Thread 0x00007f92dc024600 nmethod 1597 0x000000011f133b90 code [0x000000011f133d20, 0x000000011f133df0]
Event: 5.822 Thread 0x00007f92dc024600 1598       1       java.util.concurrent.locks.AbstractQueuedSynchronizer::setState (6 bytes)
Event: 5.823 Thread 0x00007f92dc024600 nmethod 1598 0x000000011f133e90 code [0x000000011f134020, 0x000000011f1340f0]
Event: 5.829 Thread 0x00007f92dc024600 1599       3       java.lang.invoke.DirectMethodHandle::allocateInstance (16 bytes)
Event: 5.829 Thread 0x00007f92dc024600 nmethod 1599 0x00000001178e8f90 code [0x00000001178e9140, 0x00000001178e9380]
Event: 5.829 Thread 0x00007f92dc024600 1600       3       java.lang.invoke.DirectMethodHandle::constructorMethod (10 bytes)
Event: 5.829 Thread 0x00007f92dc024600 nmethod 1600 0x00000001178e9490 code [0x00000001178e9640, 0x00000001178e9830]
Event: 5.830 Thread 0x00007f92dc024600 1601       3       java.security.AccessController::executePrivileged (65 bytes)
Event: 5.831 Thread 0x00007f92dc024600 nmethod 1601 0x00000001178e9910 code [0x00000001178e9ae0, 0x00000001178e9df0]
Event: 5.831 Thread 0x00007f92dc024600 1603       1       java.util.concurrent.locks.AbstractOwnableSynchronizer::getExclusiveOwnerThread (5 bytes)
Event: 5.831 Thread 0x00007f92dc024600 nmethod 1603 0x000000011f134190 code [0x000000011f134320, 0x000000011f1343f0]
Event: 5.833 Thread 0x00007f92dc024600 1604       1       java.util.concurrent.locks.AbstractOwnableSynchronizer::setExclusiveOwnerThread (6 bytes)
Event: 5.834 Thread 0x00007f92dc024600 nmethod 1604 0x000000011f134490 code [0x000000011f134620, 0x000000011f134730]
Event: 6.024 Thread 0x00007f92dc024000 nmethod 1596 0x000000011f134790 code [0x000000011f134ee0, 0x000000011f1409c0]
Event: 6.024 Thread 0x00007f92dc024000 1602       4       java.lang.ref.SoftReference::get (29 bytes)
Event: 6.025 Thread 0x00007f92dc024000 nmethod 1602 0x000000011f148890 code [0x000000011f148a20, 0x000000011f148b18]

GC Heap History (8 events):
Event: 1.918 GC heap before
{Heap before GC invocations=0 (full 0):
 garbage-first heap   total 262144K, used 20480K [0x0000000700000000, 0x0000000800000000)
  region size 2048K, 11 young (22528K), 0 survivors (0K)
 Metaspace       used 12262K, committed 12416K, reserved 1114112K
  class space    used 1303K, committed 1344K, reserved 1048576K
}
Event: 1.927 GC heap after
{Heap after GC invocations=1 (full 0):
 garbage-first heap   total 262144K, used 5311K [0x0000000700000000, 0x0000000800000000)
  region size 2048K, 2 young (4096K), 2 survivors (4096K)
 Metaspace       used 12262K, committed 12416K, reserved 1114112K
  class space    used 1303K, committed 1344K, reserved 1048576K
}
Event: 3.819 GC heap before
{Heap before GC invocations=1 (full 0):
 garbage-first heap   total 262144K, used 31935K [0x0000000700000000, 0x0000000800000000)
  region size 2048K, 16 young (32768K), 2 survivors (4096K)
 Metaspace       used 21335K, committed 21440K, reserved 1114112K
  class space    used 2522K, committed 2560K, reserved 1048576K
}
Event: 3.830 GC heap after
{Heap after GC invocations=2 (full 0):
 garbage-first heap   total 262144K, used 9693K [0x0000000700000000, 0x0000000800000000)
  region size 2048K, 2 young (4096K), 2 survivors (4096K)
 Metaspace       used 21335K, committed 21440K, reserved 1114112K
  class space    used 2522K, committed 2560K, reserved 1048576K
}
Event: 3.855 GC heap before
{Heap before GC invocations=2 (full 0):
 garbage-first heap   total 262144K, used 9693K [0x0000000700000000, 0x0000000800000000)
  region size 2048K, 3 young (6144K), 2 survivors (4096K)
 Metaspace       used 21414K, committed 21504K, reserved 1114112K
  class space    used 2526K, committed 2560K, reserved 1048576K
}
Event: 3.858 GC heap after
{Heap after GC invocations=3 (full 0):
 garbage-first heap   total 262144K, used 9776K [0x0000000700000000, 0x0000000800000000)
  region size 2048K, 2 young (4096K), 2 survivors (4096K)
 Metaspace       used 21414K, committed 21504K, reserved 1114112K
  class space    used 2526K, committed 2560K, reserved 1048576K
}
Event: 5.542 GC heap before
{Heap before GC invocations=4 (full 0):
 garbage-first heap   total 40960K, used 28208K [0x0000000700000000, 0x0000000800000000)
  region size 2048K, 12 young (24576K), 2 survivors (4096K)
 Metaspace       used 29129K, committed 29312K, reserved 1114112K
  class space    used 3608K, committed 3712K, reserved 1048576K
}
Event: 5.548 GC heap after
{Heap after GC invocations=5 (full 0):
 garbage-first heap   total 40960K, used 11833K [0x0000000700000000, 0x0000000800000000)
  region size 2048K, 2 young (4096K), 2 survivors (4096K)
 Metaspace       used 29129K, committed 29312K, reserved 1114112K
  class space    used 3608K, committed 3712K, reserved 1048576K
}

Dll operation events (6 events):
Event: 0.050 Loaded shared library /Library/Ballerina/dependencies/jdk-17.0.7+7-jre/lib/libjava.dylib
Event: 0.388 Loaded shared library /Library/Ballerina/dependencies/jdk-17.0.7+7-jre/lib/libnio.dylib
Event: 0.563 Loaded shared library /Library/Ballerina/dependencies/jdk-17.0.7+7-jre/lib/libzip.dylib
Event: 0.899 Loaded shared library /Library/Ballerina/dependencies/jdk-17.0.7+7-jre/lib/libjimage.dylib
Event: 4.912 Loaded shared library /Library/Ballerina/dependencies/jdk-17.0.7+7-jre/lib/libnet.dylib
Event: 5.450 Loaded shared library /Library/Ballerina/dependencies/jdk-17.0.7+7-jre/lib/libextnet.dylib

Deoptimization events (20 events):
Event: 5.277 Thread 0x00007f92dd043000 DEOPT PACKING pc=0x000000011f0e8f9c sp=0x0000000306629410
Event: 5.277 Thread 0x00007f92dd043000 DEOPT UNPACKING pc=0x000000011eb48693 sp=0x00000003066293b0 mode 2
Event: 5.337 Thread 0x00007f92dd043000 Uncommon trap: trap_request=0xffffff45 fr.pc=0x000000011f117ff4 relative=0x00000000000003b4
Event: 5.337 Thread 0x00007f92dd043000 Uncommon trap: reason=unstable_if action=reinterpret pc=0x000000011f117ff4 method=java.util.HashMap.getNode(Ljava/lang/Object;)Ljava/util/HashMap$Node; @ 66 c2
Event: 5.337 Thread 0x00007f92dd043000 DEOPT PACKING pc=0x000000011f117ff4 sp=0x0000000306629160
Event: 5.337 Thread 0x00007f92dd043000 DEOPT UNPACKING pc=0x000000011eb48693 sp=0x0000000306629120 mode 2
Event: 5.337 Thread 0x00007f92dd043000 Uncommon trap: trap_request=0xffffffc6 fr.pc=0x000000011f0ef0fc relative=0x00000000000009fc
Event: 5.337 Thread 0x00007f92dd043000 Uncommon trap: reason=bimorphic_or_optimized_type_check action=maybe_recompile pc=0x000000011f0ef0fc method=java.util.HashMap.putVal(ILjava/lang/Object;Ljava/lang/Object;ZZ)Ljava/lang/Object; @ 91 c2
Event: 5.337 Thread 0x00007f92dd043000 DEOPT PACKING pc=0x000000011f0ef0fc sp=0x0000000306629160
Event: 5.337 Thread 0x00007f92dd043000 DEOPT UNPACKING pc=0x000000011eb48693 sp=0x0000000306629100 mode 2
Event: 5.337 Thread 0x00007f92dd043000 Uncommon trap: trap_request=0xffffffc6 fr.pc=0x000000011f0ef0fc relative=0x00000000000009fc
Event: 5.337 Thread 0x00007f92dd043000 Uncommon trap: reason=bimorphic_or_optimized_type_check action=maybe_recompile pc=0x000000011f0ef0fc method=java.util.HashMap.putVal(ILjava/lang/Object;Ljava/lang/Object;ZZ)Ljava/lang/Object; @ 91 c2
Event: 5.337 Thread 0x00007f92dd043000 DEOPT PACKING pc=0x000000011f0ef0fc sp=0x0000000306629160
Event: 5.337 Thread 0x00007f92dd043000 DEOPT UNPACKING pc=0x000000011eb48693 sp=0x0000000306629100 mode 2
Event: 5.344 Thread 0x00007f92dd043000 Uncommon trap: trap_request=0xffffff45 fr.pc=0x000000011f0e9bd0 relative=0x0000000000000830
Event: 5.345 Thread 0x00007f92dd043000 Uncommon trap: reason=unstable_if action=reinterpret pc=0x000000011f0e9bd0 method=io.ballerina.identifier.Utils.decodeIdentifier(Ljava/lang/String;)Ljava/lang/String; @ 49 c2
Event: 5.345 Thread 0x00007f92dd043000 DEOPT PACKING pc=0x000000011f0e9bd0 sp=0x0000000306629640
Event: 5.345 Thread 0x00007f92dd043000 DEOPT UNPACKING pc=0x000000011eb48693 sp=0x0000000306629670 mode 2
Event: 5.359 Thread 0x00007f92dd043000 DEOPT PACKING pc=0x00000001177ffb40 sp=0x00000003066298c0
Event: 5.359 Thread 0x00007f92dd043000 DEOPT UNPACKING pc=0x000000011eb48e10 sp=0x0000000306628d78 mode 0

Classes unloaded (0 events):
No events

Classes redefined (0 events):
No events

Internal exceptions (10 events):
Event: 2.628 Thread 0x00007f92dd809400 Exception <a 'java/lang/NoSuchMethodError'{0x000000070f3a82b0}: 'void java.lang.invoke.DirectMethodHandle$Holder.invokeStatic(java.lang.Object, java.lang.Object, java.lang.Object, java.lang.Object)'> (0x000000070f3a82b0) 
thrown [src/hotspot/share/interpreter/linkResolver.cpp, line 759]
Event: 2.643 Thread 0x00007f92dd809400 Exception <a 'java/lang/NoSuchMethodError'{0x000000070f3c5458}: 'void java.lang.invoke.DirectMethodHandle$Holder.invokeStatic(java.lang.Object, int, java.lang.Object)'> (0x000000070f3c5458) 
thrown [src/hotspot/share/interpreter/linkResolver.cpp, line 759]
Event: 2.653 Thread 0x00007f92dd809400 Exception <a 'java/lang/NoSuchMethodError'{0x000000070f3ce130}: 'void java.lang.invoke.DirectMethodHandle$Holder.invokeStatic(java.lang.Object, java.lang.Object)'> (0x000000070f3ce130) 
thrown [src/hotspot/share/interpreter/linkResolver.cpp, line 759]
Event: 4.840 Thread 0x00007f92dd043000 Exception <a 'java/lang/NoSuchMethodError'{0x00000007018f52f8}: 'java.lang.Object java.lang.invoke.DirectMethodHandle$Holder.invokeStaticInit(java.lang.Object)'> (0x00000007018f52f8) 
thrown [src/hotspot/share/interpreter/linkResolver.cpp, line 759]
Event: 5.024 Thread 0x00007f92dd043000 Implicit null exception at 0x000000011f10cb72 to 0x000000011f10cc2c
Event: 5.277 Thread 0x00007f92dd043000 Implicit null exception at 0x000000011f0e8eb0 to 0x000000011f0e8f8c
Event: 5.482 Thread 0x00007f92dd043000 Exception <a 'java/lang/NoSuchMethodError'{0x00000007010d29a8}: 'java.lang.Object java.lang.invoke.DirectMethodHandle$Holder.invokeStaticInit(java.lang.Object, java.lang.Object, long, java.lang.Object)'> (0x00000007010d29a8) 
thrown [src/hotspot/share/interpreter/linkResolver.cpp, line 759]
Event: 5.485 Thread 0x00007f92dd043000 Exception <a 'java/lang/NoSuchMethodError'{0x00000007010d8ff0}: 'java.lang.Object java.lang.invoke.DirectMethodHandle$Holder.newInvokeSpecial(java.lang.Object, java.lang.Object, long)'> (0x00000007010d8ff0) 
thrown [src/hotspot/share/interpreter/linkResolver.cpp, line 759]
Event: 5.486 Thread 0x00007f92dd043000 Exception <a 'java/lang/NoSuchMethodError'{0x00000007010dcb60}: 'java.lang.Object java.lang.invoke.Invokers$Holder.linkToTargetMethod(java.lang.Object, long, java.lang.Object)'> (0x00000007010dcb60) 
thrown [src/hotspot/share/interpreter/linkResolver.cpp, line 759]
Event: 5.801 Thread 0x00007f92dd043000 Exception <a 'java/lang/NoSuchMethodError'{0x000000070fd46718}: 'void java.lang.invoke.DirectMethodHandle$Holder.invokeSpecial(java.lang.Object, java.lang.Object, java.lang.Object)'> (0x000000070fd46718) 
thrown [src/hotspot/share/interpreter/linkResolver.cpp, line 759]

VM Operations (20 events):
Event: 3.869 Executing VM operation: G1Concurrent
Event: 3.869 Executing VM operation: G1Concurrent done
Event: 4.873 Executing VM operation: Cleanup
Event: 4.874 Executing VM operation: Cleanup done
Event: 5.117 Executing VM operation: HandshakeAllThreads
Event: 5.117 Executing VM operation: HandshakeAllThreads done
Event: 5.171 Executing VM operation: HandshakeAllThreads
Event: 5.171 Executing VM operation: HandshakeAllThreads done
Event: 5.403 Executing VM operation: HandshakeAllThreads
Event: 5.403 Executing VM operation: HandshakeAllThreads done
Event: 5.499 Executing VM operation: HandshakeAllThreads
Event: 5.499 Executing VM operation: HandshakeAllThreads done
Event: 5.541 Executing VM operation: G1CollectForAllocation
Event: 5.548 Executing VM operation: G1CollectForAllocation done
Event: 5.641 Executing VM operation: HandshakeAllThreads
Event: 5.641 Executing VM operation: HandshakeAllThreads done
Event: 5.737 Executing VM operation: HandshakeAllThreads
Event: 5.737 Executing VM operation: HandshakeAllThreads done
Event: 6.742 Executing VM operation: Cleanup
Event: 6.742 Executing VM operation: Cleanup done

Events (20 events):
Event: 5.838 Thread 0x00007f927c00dc00 Thread added: 0x00007f927c00dc00
Event: 5.838 Protecting memory [0x0000000307252000,0x0000000307256000] with protection modes 0
Event: 5.838 Protecting memory [0x0000000306f49000,0x0000000306f4d000] with protection modes 3
Event: 5.838 Thread 0x00007f929c00ae00 Thread added: 0x00007f929c00ae00
Event: 5.838 Protecting memory [0x0000000307355000,0x0000000307359000] with protection modes 0
Event: 5.838 Protecting memory [0x000000030652b000,0x000000030652f000] with protection modes 3
Event: 5.838 Thread 0x00007f92dd130600 Thread exited: 0x00007f92dd130600
Event: 5.838 Thread 0x00007f92bc193c00 Thread added: 0x00007f92bc193c00
Event: 5.838 Protecting memory [0x0000000307458000,0x000000030745c000] with protection modes 0
Event: 5.838 Thread 0x00007f92dc1a6800 Thread added: 0x00007f92dc1a6800
Event: 5.838 Protecting memory [0x0000000306f49000,0x0000000306f4d000] with protection modes 0
Event: 5.838 Thread 0x00007f92dc1a6e00 Thread added: 0x00007f92dc1a6e00
Event: 5.838 Protecting memory [0x000000030755b000,0x000000030755f000] with protection modes 0
Event: 5.838 Thread 0x00007f92dd1ae200 Thread added: 0x00007f92dd1ae200
Event: 5.838 Protecting memory [0x000000030765e000,0x0000000307662000] with protection modes 0
Event: 5.838 Thread 0x00007f92dd130600 Thread added: 0x00007f92dd130600
Event: 5.838 Protecting memory [0x0000000307761000,0x0000000307765000] with protection modes 0
Event: 5.839 Thread 0x00007f92ddbf2c00 Thread added: 0x00007f92ddbf2c00
Event: 5.839 Thread 0x00007f92dd043000 Thread exited: 0x00007f92dd043000
Event: 5.839 Protecting memory [0x0000000307b6d000,0x0000000307b71000] with protection modes 0


Dynamic libraries:
0x00000001086c7000 	/Library/Ballerina/dependencies/jdk-17.0.7+7-jre/lib/libjli.dylib
0x00007ff81ca45000 	/usr/lib/libz.1.dylib
0x00007ff81cb2b000 	/usr/lib/libSystem.B.dylib
0x00007ff81cb26000 	/usr/lib/system/libcache.dylib
0x00007ff81cae2000 	/usr/lib/system/libcommonCrypto.dylib
0x00007ff81cb0b000 	/usr/lib/system/libcompiler_rt.dylib
0x00007ff81cb01000 	/usr/lib/system/libcopyfile.dylib
0x00007ff8116c5000 	/usr/lib/system/libcorecrypto.dylib
0x00007ff811783000 	/usr/lib/system/libdispatch.dylib
0x00007ff811943000 	/usr/lib/system/libdyld.dylib
0x00007ff81cb1d000 	/usr/lib/system/libkeymgr.dylib
0x00007ff81cac0000 	/usr/lib/system/libmacho.dylib
0x00007ff81c13b000 	/usr/lib/system/libquarantine.dylib
0x00007ff81cb1b000 	/usr/lib/system/libremovefile.dylib
0x00007ff81680e000 	/usr/lib/system/libsystem_asl.dylib
0x00007ff81166e000 	/usr/lib/system/libsystem_blocks.dylib
0x00007ff811807000 	/usr/lib/system/libsystem_c.dylib
0x00007ff81cb13000 	/usr/lib/system/libsystem_collections.dylib
0x00007ff81b46d000 	/usr/lib/system/libsystem_configuration.dylib
0x00007ff81a716000 	/usr/lib/system/libsystem_containermanager.dylib
0x00007ff81c7f2000 	/usr/lib/system/libsystem_coreservices.dylib
0x00007ff813eaf000 	/usr/lib/system/libsystem_darwin.dylib
0x00007ff81cb1e000 	/usr/lib/system/libsystem_dnssd.dylib
0x00007ff811804000 	/usr/lib/system/libsystem_featureflags.dylib
0x00007ff811959000 	/usr/lib/system/libsystem_info.dylib
0x00007ff81ca58000 	/usr/lib/system/libsystem_m.dylib
0x00007ff811757000 	/usr/lib/system/libsystem_malloc.dylib
0x00007ff8167a9000 	/usr/lib/system/libsystem_networkextension.dylib
0x00007ff8142d5000 	/usr/lib/system/libsystem_notify.dylib
0x00007ff822e57000 	/usr/lib/system/libsystem_product_info_filter.dylib
0x00007ff81b471000 	/usr/lib/system/libsystem_sandbox.dylib
0x00007ff81cb18000 	/usr/lib/system/libsystem_secinit.dylib
0x00007ff8118ff000 	/usr/lib/system/libsystem_kernel.dylib
0x00007ff81194f000 	/usr/lib/system/libsystem_platform.dylib
0x00007ff811937000 	/usr/lib/system/libsystem_pthread.dylib
0x00007ff8180cb000 	/usr/lib/system/libsystem_symptoms.dylib
0x00007ff8116ac000 	/usr/lib/system/libsystem_trace.dylib
0x00007ff81caee000 	/usr/lib/system/libunwind.dylib
0x00007ff811670000 	/usr/lib/system/libxpc.dylib
0x00007ff8118e9000 	/usr/lib/libc++abi.dylib
0x00007ff8117ca000 	/usr/lib/libobjc.A.dylib
0x00007ff81caf9000 	/usr/lib/liboah.dylib
0x00007ff811890000 	/usr/lib/libc++.1.dylib
0x00007ff828c58000 	/System/Library/Frameworks/Cocoa.framework/Versions/A/Cocoa
0x00007ff814333000 	/System/Library/Frameworks/AppKit.framework/Versions/C/AppKit
0x00007ff8178a8000 	/System/Library/Frameworks/CoreData.framework/Versions/A/CoreData
0x00007ff812736000 	/System/Library/Frameworks/Foundation.framework/Versions/C/Foundation
0x00007ff8151c3000 	/System/Library/PrivateFrameworks/UIFoundation.framework/Versions/A/UIFoundation
0x00007ff822b5a000 	/System/Library/PrivateFrameworks/RemoteViewServices.framework/Versions/A/RemoteViewServices
0x00007ff81adf7000 	/System/Library/PrivateFrameworks/XCTTargetBootstrap.framework/Versions/A/XCTTargetBootstrap
0x00007ff81e9f0000 	/System/Library/PrivateFrameworks/InternationalSupport.framework/Versions/A/InternationalSupport
0x00007ff81ea7a000 	/System/Library/PrivateFrameworks/UserActivity.framework/Versions/A/UserActivity
0x00007ff81ddd4000 	/usr/lib/libspindump.dylib
0x00007ff815452000 	/System/Library/Frameworks/UniformTypeIdentifiers.framework/Versions/A/UniformTypeIdentifiers
0x00007ff81951b000 	/usr/lib/libapp_launch_measurement.dylib
0x00007ff81828b000 	/System/Library/PrivateFrameworks/CoreAnalytics.framework/Versions/A/CoreAnalytics
0x00007ff81951e000 	/System/Library/PrivateFrameworks/CoreAutoLayout.framework/Versions/A/CoreAutoLayout
0x00007ff81a74e000 	/System/Library/Frameworks/Metal.framework/Versions/A/Metal
0x00007ff81b47d000 	/usr/lib/liblangid.dylib
0x00007ff81adfc000 	/System/Library/PrivateFrameworks/CoreSVG.framework/Versions/A/CoreSVG
0x00007ff81683e000 	/System/Library/PrivateFrameworks/SkyLight.framework/Versions/A/SkyLight
0x00007ff816bdd000 	/System/Library/Frameworks/CoreGraphics.framework/Versions/A/CoreGraphics
0x00007ff82321a000 	/System/Library/Frameworks/Accelerate.framework/Versions/A/Accelerate
0x00007ff81d853000 	/System/Library/PrivateFrameworks/IconServices.framework/Versions/A/IconServices
0x00007ff81a733000 	/System/Library/Frameworks/IOSurface.framework/Versions/A/IOSurface
0x00007ff8182b9000 	/usr/lib/libDiagnosticMessagesClient.dylib
0x00007ff8268fc000 	/System/Library/Frameworks/ApplicationServices.framework/Versions/A/ApplicationServices
0x00007ff81ade3000 	/System/Library/PrivateFrameworks/DFRFoundation.framework/Versions/A/DFRFoundation
0x00007ff813c1b000 	/usr/lib/libicucore.A.dylib
0x00007ff81f7e6000 	/System/Library/Frameworks/AudioToolbox.framework/Versions/A/AudioToolbox
0x00007ff81e9fc000 	/System/Library/PrivateFrameworks/DataDetectorsCore.framework/Versions/A/DataDetectorsCore
0x00007ff91ac5d000 	/System/Library/PrivateFrameworks/TextInput.framework/Versions/A/TextInput
0x00007ff8167c1000 	/usr/lib/libMobileGestalt.dylib
0x00007ff81aaef000 	/System/Library/Frameworks/Carbon.framework/Versions/A/Frameworks/HIToolbox.framework/Versions/A/HIToolbox
0x00007ff818f1e000 	/System/Library/Frameworks/QuartzCore.framework/Versions/A/QuartzCore
0x00007ff8138c0000 	/System/Library/Frameworks/Security.framework/Versions/A/Security
0x00007ff822b92000 	/System/Library/Frameworks/Carbon.framework/Versions/A/Frameworks/SpeechRecognition.framework/Versions/A/SpeechRecognition
0x00007ff81927b000 	/System/Library/PrivateFrameworks/CoreUI.framework/Versions/A/CoreUI
0x00007ff81318a000 	/System/Library/Frameworks/CoreAudio.framework/Versions/A/CoreAudio
0x00007ff8183a8000 	/System/Library/Frameworks/DiskArbitration.framework/Versions/A/DiskArbitration
0x00007ff81e1c0000 	/System/Library/PrivateFrameworks/MultitouchSupport.framework/Versions/A/MultitouchSupport
0x00007ff8167c0000 	/usr/lib/libenergytrace.dylib
0x00007ff81421f000 	/System/Library/Frameworks/IOKit.framework/Versions/A/IOKit
0x00007ff822f82000 	/System/Library/Frameworks/CoreServices.framework/Versions/A/CoreServices
0x00007ff8194b5000 	/System/Library/PrivateFrameworks/PerformanceAnalysis.framework/Versions/A/PerformanceAnalysis
0x00007ffa2a739000 	/System/Library/Frameworks/OpenGL.framework/Versions/A/OpenGL
0x00007ff81c061000 	/System/Library/PrivateFrameworks/MobileKeyBag.framework/Versions/A/MobileKeyBag
0x00007ff817307000 	/System/Library/Frameworks/ColorSync.framework/Versions/A/ColorSync
0x00007ff811984000 	/System/Library/Frameworks/CoreFoundation.framework/Versions/A/CoreFoundation
0x00007ff81b073000 	/System/Library/Frameworks/CoreImage.framework/Versions/A/CoreImage
0x00007ff812f9e000 	/System/Library/Frameworks/CoreText.framework/Versions/A/CoreText
0x00007ff81ae2c000 	/System/Library/Frameworks/ImageIO.framework/Versions/A/ImageIO
0x00007ff81cb31000 	/System/Library/PrivateFrameworks/SoftLinking.framework/Versions/A/SoftLinking
0x00007ff819566000 	/usr/lib/libxml2.2.dylib
0x00007ff81cdb2000 	/usr/lib/libcompression.dylib
0x00007ff81e923000 	/System/Library/PrivateFrameworks/TextureIO.framework/Versions/A/TextureIO
0x00007ff81d4cc000 	/usr/lib/libate.dylib
0x00007ff81d28a000 	/usr/lib/liblzma.5.dylib
0x00007ff812448000 	/System/Library/Frameworks/SystemConfiguration.framework/Versions/A/SystemConfiguration
0x00007ff81cb2d000 	/usr/lib/libfakelink.dylib
0x00007ff816319000 	/System/Library/Frameworks/CFNetwork.framework/Versions/A/CFNetwork
0x00007ff81cc6e000 	/usr/lib/libarchive.2.dylib
0x00007ff81b479000 	/System/Library/PrivateFrameworks/AppleSystemInfo.framework/Versions/A/AppleSystemInfo
0x00007ff81c162000 	/usr/lib/libbsm.0.dylib
0x00007ff815928000 	/usr/lib/libnetwork.dylib
0x00007ff81cac6000 	/usr/lib/system/libkxld.dylib
0x00007ff81bd95000 	/System/Library/PrivateFrameworks/IOMobileFramebuffer.framework/Versions/A/IOMobileFramebuffer
0x00007ffb2a0f3000 	/usr/lib/libCoreEntitlements.dylib
0x00007ff81c7d4000 	/System/Library/PrivateFrameworks/AppleFSCompression.framework/Versions/A/AppleFSCompression
0x00007ff81c14a000 	/usr/lib/libcoretls.dylib
0x00007ff81d2a4000 	/usr/lib/libcoretls_cfhelpers.dylib
0x00007ff81cdad000 	/usr/lib/libpam.2.dylib
0x00007ff817ced000 	/usr/lib/libsqlite3.dylib
0x00007ff81d313000 	/usr/lib/libxar.1.dylib
0x00007ff81c7e4000 	/usr/lib/libbz2.1.0.dylib
0x00007ff81cb32000 	/usr/lib/libpcap.A.dylib
0x00007ff8180c3000 	/usr/lib/libdns_services.dylib
0x00007ff81cd80000 	/usr/lib/libapple_nghttp2.dylib
0x00007ff81cb6c000 	/usr/lib/libiconv.2.dylib
0x00007ff81cabf000 	/usr/lib/libcharset.1.dylib
0x00007ff8194e9000 	/System/Library/Frameworks/CoreServices.framework/Versions/A/Frameworks/FSEvents.framework/Versions/A/FSEvents
0x00007ff813eb9000 	/System/Library/Frameworks/CoreServices.framework/Versions/A/Frameworks/CarbonCore.framework/Versions/A/CarbonCore
0x00007ff81830c000 	/System/Library/Frameworks/CoreServices.framework/Versions/A/Frameworks/Metadata.framework/Versions/A/Metadata
0x00007ff81c7f7000 	/System/Library/Frameworks/CoreServices.framework/Versions/A/Frameworks/OSServices.framework/Versions/A/OSServices
0x00007ff81ccf5000 	/System/Library/Frameworks/CoreServices.framework/Versions/A/Frameworks/SearchKit.framework/Versions/A/SearchKit
0x00007ff818055000 	/System/Library/Frameworks/CoreServices.framework/Versions/A/Frameworks/AE.framework/Versions/A/AE
0x00007ff811e85000 	/System/Library/Frameworks/CoreServices.framework/Versions/A/Frameworks/LaunchServices.framework/Versions/A/LaunchServices
0x00007ff81d23b000 	/System/Library/Frameworks/CoreServices.framework/Versions/A/Frameworks/DictionaryServices.framework/Versions/A/DictionaryServices
0x00007ff8194f6000 	/System/Library/Frameworks/CoreServices.framework/Versions/A/Frameworks/SharedFileList.framework/Versions/A/SharedFileList
0x00007ff81c13e000 	/usr/lib/libCheckFix.dylib
0x00007ff816825000 	/System/Library/PrivateFrameworks/TCC.framework/Versions/A/TCC
0x00007ff81b47f000 	/System/Library/PrivateFrameworks/CoreNLP.framework/Versions/A/CoreNLP
0x00007ff8182bc000 	/System/Library/PrivateFrameworks/MetadataUtilities.framework/Versions/A/MetadataUtilities
0x00007ff8124f9000 	/usr/lib/libmecabra.dylib
0x00007ff81c172000 	/usr/lib/libmecab.dylib
0x00007ff8124c4000 	/usr/lib/libCRFSuite.dylib
0x00007ff81c1cc000 	/usr/lib/libgermantok.dylib
0x00007ff81cd5b000 	/usr/lib/libThaiTokenizer.dylib
0x00007ff8183af000 	/System/Library/Frameworks/Accelerate.framework/Versions/A/Frameworks/vImage.framework/Versions/A/vImage
0x00007ff822f59000 	/System/Library/Frameworks/Accelerate.framework/Versions/A/Frameworks/vecLib.framework/Versions/A/vecLib
0x00007ff81d354000 	/System/Library/Frameworks/Accelerate.framework/Versions/A/Frameworks/vecLib.framework/Versions/A/libvMisc.dylib
0x00007ff81bb94000 	/System/Library/Frameworks/Accelerate.framework/Versions/A/Frameworks/vecLib.framework/Versions/A/libvDSP.dylib
0x00007ff812200000 	/System/Library/Frameworks/Accelerate.framework/Versions/A/Frameworks/vecLib.framework/Versions/A/libBLAS.dylib
0x00007ff81ce90000 	/System/Library/Frameworks/Accelerate.framework/Versions/A/Frameworks/vecLib.framework/Versions/A/libLAPACK.dylib
0x00007ff81c1cf000 	/System/Library/Frameworks/Accelerate.framework/Versions/A/Frameworks/vecLib.framework/Versions/A/libLinearAlgebra.dylib
0x00007ff81cd98000 	/System/Library/Frameworks/Accelerate.framework/Versions/A/Frameworks/vecLib.framework/Versions/A/libSparseBLAS.dylib
0x00007ff81ce8a000 	/System/Library/Frameworks/Accelerate.framework/Versions/A/Frameworks/vecLib.framework/Versions/A/libQuadrature.dylib
0x00007ff81b56a000 	/System/Library/Frameworks/Accelerate.framework/Versions/A/Frameworks/vecLib.framework/Versions/A/libBNNS.dylib
0x00007ff8123d2000 	/System/Library/Frameworks/Accelerate.framework/Versions/A/Frameworks/vecLib.framework/Versions/A/libSparse.dylib
0x00007ff81b563000 	/System/Library/PrivateFrameworks/LinguisticData.framework/Versions/A/LinguisticData
0x00007ff812388000 	/System/Library/PrivateFrameworks/Lexicon.framework/Versions/A/Lexicon
0x00007ff81d34d000 	/usr/lib/libChineseTokenizer.dylib
0x00007ff812af3000 	/System/Library/PrivateFrameworks/LanguageModeling.framework/Versions/A/LanguageModeling
0x00007ff81cd5d000 	/System/Library/PrivateFrameworks/AppleSauce.framework/Versions/A/AppleSauce
0x00007ff81bd83000 	/System/Library/PrivateFrameworks/CoreEmoji.framework/Versions/A/CoreEmoji
0x00007ff81cc5d000 	/usr/lib/libcmph.dylib
0x00007ff8194cd000 	/System/Library/Frameworks/OpenDirectory.framework/Versions/A/Frameworks/CFOpenDirectory.framework/Versions/A/CFOpenDirectory
0x00007ff8194c1000 	/System/Library/Frameworks/OpenDirectory.framework/Versions/A/OpenDirectory
0x00007ff81d2a6000 	/System/Library/PrivateFrameworks/APFS.framework/Versions/A/APFS
0x00007ff81c099000 	/System/Library/Frameworks/SecurityFoundation.framework/Versions/A/SecurityFoundation
0x00007ff81d321000 	/usr/lib/libutil.dylib
0x00007ff8141e3000 	/System/Library/PrivateFrameworks/CoreServicesStore.framework/Versions/A/CoreServicesStore
0x00007ff81d325000 	/usr/lib/libxslt.1.dylib
0x00007ff81c126000 	/System/Library/PrivateFrameworks/BackgroundTaskManagement.framework/Versions/A/BackgroundTaskManagement
0x00007ff81e844000 	/System/Library/Frameworks/ImageIO.framework/Versions/A/Resources/libRadiance.dylib
0x00007ff81e84d000 	/System/Library/Frameworks/ImageIO.framework/Versions/A/Resources/libJPEG.dylib
0x00007ff81e79f000 	/System/Library/Frameworks/ImageIO.framework/Versions/A/Resources/libPng.dylib
0x00007ff81e7c0000 	/System/Library/Frameworks/ImageIO.framework/Versions/A/Resources/libTIFF.dylib
0x00007ff81e8ac000 	/System/Library/Frameworks/ImageIO.framework/Versions/A/Resources/libGIF.dylib
0x00007ff81e0dc000 	/System/Library/Frameworks/ImageIO.framework/Versions/A/Resources/libJP2.dylib
0x00007ff81d81a000 	/usr/lib/libexpat.1.dylib
0x00007ff81e091000 	/System/Library/PrivateFrameworks/AppleJPEG.framework/Versions/A/AppleJPEG
0x00007ff81a9b3000 	/System/Library/PrivateFrameworks/FontServices.framework/libFontParser.dylib
0x00007ff817fff000 	/System/Library/PrivateFrameworks/RunningBoardServices.framework/Versions/A/RunningBoardServices
0x00007ff829213000 	/System/Library/PrivateFrameworks/IOSurfaceAccelerator.framework/Versions/A/IOSurfaceAccelerator
0x00007ff81e1bc000 	/System/Library/PrivateFrameworks/WatchdogClient.framework/Versions/A/WatchdogClient
0x00007ff812be1000 	/System/Library/Frameworks/CoreDisplay.framework/Versions/A/CoreDisplay
0x00007ff81a8b1000 	/System/Library/Frameworks/CoreMedia.framework/Versions/A/CoreMedia
0x00007ff81a745000 	/System/Library/PrivateFrameworks/IOAccelerator.framework/Versions/A/IOAccelerator
0x00007ff81964a000 	/System/Library/Frameworks/CoreVideo.framework/Versions/A/CoreVideo
0x00007ff81cdab000 	/System/Library/Frameworks/MetalPerformanceShaders.framework/Versions/A/MetalPerformanceShaders
0x00007ff81e1f9000 	/System/Library/Frameworks/VideoToolbox.framework/Versions/A/VideoToolbox
0x00007ff817f49000 	/System/Library/PrivateFrameworks/BaseBoard.framework/Versions/A/BaseBoard
0x00007ff817cd3000 	/System/Library/PrivateFrameworks/ProtocolBuffer.framework/Versions/A/ProtocolBuffer
0x00007ff81e83d000 	/System/Library/PrivateFrameworks/GPUWrangler.framework/Versions/A/GPUWrangler
0x00007ff81e821000 	/System/Library/PrivateFrameworks/IOPresentment.framework/Versions/A/IOPresentment
0x00007ff81e847000 	/System/Library/PrivateFrameworks/DSExternalDisplay.framework/Versions/A/DSExternalDisplay
0x00007ffa2a72d000 	/System/Library/Frameworks/OpenGL.framework/Versions/A/Libraries/libCoreFSCache.dylib
0x00007ffb177f4000 	/System/Library/PrivateFrameworks/GPUCompiler.framework/Versions/31001/Libraries/libGPUCompilerUtils.dylib
0x00007ff81e8b1000 	/System/Library/PrivateFrameworks/CMCaptureCore.framework/Versions/A/CMCaptureCore
0x00007ff81ddc2000 	/System/Library/PrivateFrameworks/AppServerSupport.framework/Versions/A/AppServerSupport
0x00007ff82007f000 	/System/Library/PrivateFrameworks/perfdata.framework/Versions/A/perfdata
0x00007ff812d0d000 	/System/Library/PrivateFrameworks/AudioToolboxCore.framework/Versions/A/AudioToolboxCore
0x00007ff81a88f000 	/System/Library/PrivateFrameworks/caulk.framework/Versions/A/caulk
0x00007ff81f991000 	/usr/lib/libAudioStatistics.dylib
0x00007ff9173eb000 	/System/Library/PrivateFrameworks/SystemPolicy.framework/Versions/A/SystemPolicy
0x00007ff81fbec000 	/usr/lib/libSMC.dylib
0x00007ff828b0b000 	/System/Library/Frameworks/CoreMIDI.framework/Versions/A/CoreMIDI
0x00007ff81e76e000 	/usr/lib/libAudioToolboxUtility.dylib
0x00007ff913617000 	/System/Library/PrivateFrameworks/OSAServicesClient.framework/Versions/A/OSAServicesClient
0x00007ff82008c000 	/usr/lib/libperfcheck.dylib
0x00007ff917e98000 	/usr/lib/libmis.dylib
0x00007ffa2a788000 	/System/Library/Frameworks/OpenGL.framework/Versions/A/Libraries/libGLU.dylib
0x00007ffa2a74c000 	/System/Library/Frameworks/OpenGL.framework/Versions/A/Libraries/libGFXShared.dylib
0x00007ffa2a955000 	/System/Library/Frameworks/OpenGL.framework/Versions/A/Libraries/libGL.dylib
0x00007ffa2a755000 	/System/Library/Frameworks/OpenGL.framework/Versions/A/Libraries/libGLImage.dylib
0x00007ffa2a749000 	/System/Library/Frameworks/OpenGL.framework/Versions/A/Libraries/libCVMSPluginSupport.dylib
0x00007ffa2a734000 	/System/Library/Frameworks/OpenGL.framework/Versions/A/Libraries/libCoreVMClient.dylib
0x00007ff81b3fb000 	/System/Library/Frameworks/MetalPerformanceShaders.framework/Versions/A/Frameworks/MPSCore.framework/Versions/A/MPSCore
0x00007ff81c73f000 	/System/Library/Frameworks/MetalPerformanceShaders.framework/Versions/A/Frameworks/MPSImage.framework/Versions/A/MPSImage
0x00007ff81c1e5000 	/System/Library/Frameworks/MetalPerformanceShaders.framework/Versions/A/Frameworks/MPSNeuralNetwork.framework/Versions/A/MPSNeuralNetwork
0x00007ff81c659000 	/System/Library/Frameworks/MetalPerformanceShaders.framework/Versions/A/Frameworks/MPSMatrix.framework/Versions/A/MPSMatrix
0x00007ff81c414000 	/System/Library/Frameworks/MetalPerformanceShaders.framework/Versions/A/Frameworks/MPSRayIntersector.framework/Versions/A/MPSRayIntersector
0x00007ff81c691000 	/System/Library/Frameworks/MetalPerformanceShaders.framework/Versions/A/Frameworks/MPSNDArray.framework/Versions/A/MPSNDArray
0x00007ffa3020d000 	/System/Library/Frameworks/MetalPerformanceShaders.framework/Versions/A/Frameworks/MPSFunctions.framework/Versions/A/MPSFunctions
0x00007ff8120dc000 	/System/Library/PrivateFrameworks/MetalTools.framework/Versions/A/MetalTools
0x00007ff81b477000 	/System/Library/PrivateFrameworks/AggregateDictionary.framework/Versions/A/AggregateDictionary
0x00007ff81d5fc000 	/usr/lib/libIOReport.dylib
0x00007ffa2bd64000 	/System/Library/Frameworks/OpenCL.framework/Versions/A/OpenCL
0x00007ff81d960000 	/System/Library/PrivateFrameworks/FaceCore.framework/Versions/A/FaceCore
0x00007ff81d951000 	/System/Library/PrivateFrameworks/GraphVisualizer.framework/Versions/A/GraphVisualizer
0x00007ffb176ff000 	/System/Library/PrivateFrameworks/FontServices.framework/Versions/A/FontServices
0x00007ff81dd7a000 	/System/Library/PrivateFrameworks/OTSVG.framework/Versions/A/OTSVG
0x00007ff819231000 	/System/Library/Frameworks/ApplicationServices.framework/Versions/A/Frameworks/ATS.framework/Versions/A/Resources/libFontRegistry.dylib
0x00007ff81ddca000 	/System/Library/PrivateFrameworks/FontServices.framework/libhvf.dylib
0x00007ffb17700000 	/System/Library/PrivateFrameworks/FontServices.framework/libXTFontStaticRegistryData.dylib
0x00007ff81d7ca000 	/System/Library/PrivateFrameworks/AppleVA.framework/Versions/A/AppleVA
0x00007ff81f9b1000 	/System/Library/Frameworks/ApplicationServices.framework/Versions/A/Frameworks/ATS.framework/Versions/A/ATS
0x00007ff817405000 	/System/Library/Frameworks/ApplicationServices.framework/Versions/A/Frameworks/HIServices.framework/Versions/A/HIServices
0x00007ff81e8bb000 	/System/Library/Frameworks/ApplicationServices.framework/Versions/A/Frameworks/PrintCore.framework/Versions/A/PrintCore
0x00007ff81fd3f000 	/System/Library/Frameworks/ApplicationServices.framework/Versions/A/Frameworks/QD.framework/Versions/A/QD
0x00007ff81fd37000 	/System/Library/Frameworks/ApplicationServices.framework/Versions/A/Frameworks/ColorSyncLegacy.framework/Versions/A/ColorSyncLegacy
0x00007ff81f9a1000 	/System/Library/Frameworks/ApplicationServices.framework/Versions/A/Frameworks/SpeechSynthesis.framework/Versions/A/SpeechSynthesis
0x00007ff81e87c000 	/System/Library/Frameworks/ApplicationServices.framework/Versions/A/Frameworks/ATSUI.framework/Versions/A/ATSUI
0x00007ff81fccc000 	/usr/lib/libcups.2.dylib
0x00007ff82009b000 	/System/Library/Frameworks/Kerberos.framework/Versions/A/Kerberos
0x00007ff8200aa000 	/System/Library/Frameworks/GSS.framework/Versions/A/GSS
0x00007ff81fa1d000 	/usr/lib/libresolv.9.dylib
0x00007ff81ddd9000 	/System/Library/PrivateFrameworks/Heimdal.framework/Versions/A/Heimdal
0x00007ff826c8e000 	/System/Library/Frameworks/Kerberos.framework/Versions/A/Libraries/libHeimdalProxy.dylib
0x00007ff8180d3000 	/System/Library/Frameworks/Network.framework/Versions/A/Network
0x00007ff81d834000 	/usr/lib/libheimdal-asn1.dylib
0x00007ff8200f5000 	/System/Library/PrivateFrameworks/CommonAuth.framework/Versions/A/CommonAuth
0x00007ff81f923000 	/System/Library/PrivateFrameworks/AudioSession.framework/Versions/A/AudioSession
0x00007ff81d8c4000 	/System/Library/PrivateFrameworks/MediaExperience.framework/Versions/A/MediaExperience
0x00007ff81f7b5000 	/System/Library/PrivateFrameworks/AudioSession.framework/libSessionUtility.dylib
0x00007ff81fd4b000 	/System/Library/PrivateFrameworks/AudioResourceArbitration.framework/Versions/A/AudioResourceArbitration
0x00007ff823dcc000 	/System/Library/PrivateFrameworks/PowerLog.framework/Versions/A/PowerLog
0x00007ff81d83d000 	/System/Library/PrivateFrameworks/IconFoundation.framework/Versions/A/IconFoundation
0x00007ff822b82000 	/System/Library/PrivateFrameworks/SpeechRecognitionCore.framework/Versions/A/SpeechRecognitionCore
0x000000010e93b000 	/Library/Ballerina/dependencies/jdk-17.0.7+7-jre/lib/server/libjvm.dylib
0x0000000108763000 	/Library/Ballerina/dependencies/jdk-17.0.7+7-jre/lib/libjimage.dylib
0x000000010d800000 	/Library/Ballerina/dependencies/jdk-17.0.7+7-jre/lib/libjdwp.dylib
0x000000010d8aa000 	/Library/Ballerina/dependencies/jdk-17.0.7+7-jre/lib/libjava.dylib
0x000000010e468000 	/Library/Ballerina/dependencies/jdk-17.0.7+7-jre/lib/libdt_socket.dylib
0x000000010e4d7000 	/Library/Ballerina/dependencies/jdk-17.0.7+7-jre/lib/libnio.dylib
0x000000010e523000 	/Library/Ballerina/dependencies/jdk-17.0.7+7-jre/lib/libnet.dylib
0x000000010e562000 	/Library/Ballerina/dependencies/jdk-17.0.7+7-jre/lib/libzip.dylib
0x00000001318e8000 	/Library/Ballerina/dependencies/jdk-17.0.7+7-jre/lib/libextnet.dylib


VM Arguments:
jvm_args: -XX:+HeapDumpOnOutOfMemoryError -XX:HeapDumpPath=/Users/divya/Documents/git-repos/devportal -agentlib:jdwp=transport=dt_socket,server=y,suspend=y,address=*:5010 
java_command: divya.devportal.0.$_init
java_class_path (initial): /Users/divya/.ballerina/repositories/central.ballerina.io/bala/ballerina/http/2.10.5/java17/platform/java17/lz4-1.3.0.jar:/Users/divya/.ballerina/repositories/central.ballerina.io/bala/ballerina/http/2.10.5/java17/platform/java17/netty-codec-4.1.100.Final.jar:/Library/Ballerina/distributions/ballerina-2201.8.4/repo/bala/ballerina/jwt/2.10.0/java17/platform/java17/jwt-native-2.10.0.jar:/Library/Ballerina/distributions/ballerina-2201.8.4/repo/bala/ballerina/file/1.9.0/java17/platform/java17/file-native-1.9.0.jar:/Library/Ballerina/distributions/ballerina-2201.8.4/repo/bala/ballerina/mime/2.9.0/java17/platform/java17/jakarta.activation-api-2.0.1.jar:/Library/Ballerina/distributions/ballerina-2201.8.4/repo/bala/ballerina/mime/2.9.0/java17/platform/java17/mimepull-1.9.11.jar:/Library/Ballerina/distributions/ballerina-2201.8.4/repo/bala/ballerina/auth/2.10.0/java17/platform/java17/auth-native-2.10.0.jar:/Library/Ballerina/distributions/ballerina-2201.8.4/repo/bala/ballerina/url/2.4.0/java17/platform/java17/url-native-2.4.0.jar:/Users/divya/Documents/git-repos/devportal/target/cache/divya/devportal/0.1.0/java17/divya-devportal-0.1.0.jar:/Users/divya/Documents/git-repos/devportal/target/cache/divya/devportal/0.1.0/java17/divya-devportal.models-0.1.0.jar:/Library/Ballerina/distributions/ballerina-2201.8.4/repo/cache/ballerina/os/1.8.0/java17/ballerina-os-1.8.0.jar:/Library/Ballerina/distributions/ballerina-2201.8.4/repo/cache/ballerina/jwt/2.10.0/java17/ballerina-jwt-2.10.0.jar:/Library/Ballerina/distributions/ballerina-2201.8.4/repo/cache/ballerina/graphql/1.10.0/java17/ballerina-graphql.parser-1.10.0.jar:/Users/divya/.ballerina/repositories/central.ballerina.io/bala/ballerina/http/2.10.5/java17/platform/java17/netty-tcnative-boringssl-static-2.0.62.Final-osx-x86_64.jar:/var/folders/1y/nhvzx7yd4zq2_5tg43gg3jz40000gn/T/divya-devportal-795959407346057870-observability-symbols.jar:/Library/Ballerina/distributions/ballerina-2201.8.4/repo/cache/balle
Launcher Type: SUN_STANDARD

[Global flags]
     intx CICompilerCount                          = 4                                         {product} {ergonomic}
     uint ConcGCThreads                            = 2                                         {product} {ergonomic}
     uint G1ConcRefinementThreads                  = 9                                         {product} {ergonomic}
   size_t G1HeapRegionSize                         = 2097152                                   {product} {ergonomic}
    uintx GCDrainStackTargetSize                   = 64                                        {product} {ergonomic}
     bool HeapDumpOnOutOfMemoryError               = true                                   {manageable} {command line}
    ccstr HeapDumpPath                             = /Users/divya/Documents/git-repos/devportal         {manageable} {command line}
   size_t InitialHeapSize                          = 268435456                                 {product} {ergonomic}
   size_t MarkStackSize                            = 4194304                                   {product} {ergonomic}
   size_t MaxHeapSize                              = 4294967296                                {product} {ergonomic}
   size_t MaxNewSize                               = 2575302656                                {product} {ergonomic}
   size_t MinHeapDeltaBytes                        = 2097152                                   {product} {ergonomic}
   size_t MinHeapSize                              = 8388608                                   {product} {ergonomic}
    uintx NonNMethodCodeHeapSize                   = 5839372                                {pd product} {ergonomic}
    uintx NonProfiledCodeHeapSize                  = 122909434                              {pd product} {ergonomic}
    uintx ProfiledCodeHeapSize                     = 122909434                              {pd product} {ergonomic}
    uintx ReservedCodeCacheSize                    = 251658240                              {pd product} {ergonomic}
     bool SegmentedCodeCache                       = true                                      {product} {ergonomic}
   size_t SoftMaxHeapSize                          = 4294967296                             {manageable} {ergonomic}
     bool UseCompressedClassPointers               = true                           {product lp64_product} {ergonomic}
     bool UseCompressedOops                        = true                           {product lp64_product} {ergonomic}
     bool UseG1GC                                  = true                                      {product} {ergonomic}
     bool UseNUMA                                  = false                                     {product} {ergonomic}
     bool UseNUMAInterleaving                      = false                                     {product} {ergonomic}

Logging:
Log output configuration:
 #0: stdout all=warning uptime,level,tags
 #1: stderr all=off uptime,level,tags

Environment Variables:
JAVA_HOME=/Library/Ballerina/bin/../distributions/ballerina-2201.8.4/../../dependencies/jdk-17.0.7+7-jre
PATH=/Users/divya/Documents/Updated-Base-products/MI/apictl:/Users/divya/.rd/bin:/Library/Java/JavaVirtualMachines/temurin-11.jdk/Contents/Home:/opt/homebrew/bin:/opt/homebrew/sbin:/usr/local/bin:/usr/bin:/bin:/usr/sbin:/sbin:/usr/local/go/bin:/Library/Ballerina/bin
SHELL=/bin/zsh
TMPDIR=/var/folders/1y/nhvzx7yd4zq2_5tg43gg3jz40000gn/T/

Active Locale:
LC_ALL=C
LC_COLLATE=C
LC_CTYPE=C
LC_MESSAGES=C
LC_MONETARY=C
LC_NUMERIC=C
LC_TIME=C

Signal Handlers:
   SIGSEGV: _ZL13crash_handleriP9__siginfoPv in libjvm.dylib, mask=11100110100111111111111111111111, flags=SA_RESTART|SA_SIGINFO, unblocked
    SIGBUS: _ZL13crash_handleriP9__siginfoPv in libjvm.dylib, mask=11100110100111111111111111111111, flags=SA_RESTART|SA_SIGINFO, unblocked
    SIGFPE: _ZL13crash_handleriP9__siginfoPv in libjvm.dylib, mask=11100110100111111111111111111111, flags=SA_RESTART|SA_SIGINFO, unblocked
   SIGPIPE: _ZL17javaSignalHandleriP9__siginfoPv in libjvm.dylib, mask=11100110100111111111111111111111, flags=SA_RESTART|SA_SIGINFO, blocked
   SIGXFSZ: _ZL17javaSignalHandleriP9__siginfoPv in libjvm.dylib, mask=11100110100111111111111111111111, flags=SA_RESTART|SA_SIGINFO, blocked
    SIGILL: _ZL13crash_handleriP9__siginfoPv in libjvm.dylib, mask=11100110100111111111111111111111, flags=SA_RESTART|SA_SIGINFO, unblocked
   SIGUSR2: _ZL10SR_handleriP9__siginfoP17__darwin_ucontext in libjvm.dylib, mask=00100000000000000000000000000000, flags=SA_RESTART|SA_SIGINFO, blocked
    SIGHUP: _ZL11UserHandleriPvS_ in libjvm.dylib, mask=11100110100111111111111111111111, flags=SA_RESTART|SA_SIGINFO, blocked
    SIGINT: _ZL11UserHandleriPvS_ in libjvm.dylib, mask=11100110100111111111111111111111, flags=SA_RESTART|SA_SIGINFO, blocked
   SIGTERM: _ZL11UserHandleriPvS_ in libjvm.dylib, mask=11100110100111111111111111111111, flags=SA_RESTART|SA_SIGINFO, blocked
   SIGQUIT: _ZL11UserHandleriPvS_ in libjvm.dylib, mask=11100110100111111111111111111111, flags=SA_RESTART|SA_SIGINFO, blocked
   SIGTRAP: _ZL13crash_handleriP9__siginfoPv in libjvm.dylib, mask=11100110100111111111111111111111, flags=SA_RESTART|SA_SIGINFO, unblocked


---------------  S Y S T E M  ---------------

OS:
uname: Darwin 21.6.0 Darwin Kernel Version 21.6.0: Wed Aug 10 14:28:23 PDT 2022; root:xnu-8020.141.5~2/RELEASE_ARM64_T6000 x86_64
OS uptime: 80 days 18:55 hours
rlimit (soft/hard): STACK 8176k/65520k , CORE 0k/infinity , NPROC 2666/4000 , NOFILE 10240/infinity , AS infinity/infinity , CPU infinity/infinity , DATA infinity/infinity , FSIZE infinity/infinity , MEMLOCK infinity/infinity , RSS infinity/infinity
load average: 2.26 3.17 3.23

CPU: (EMULATED) total 10 (initial active 10) (1 cores per cpu, 1 threads per core) family 6 model 44 stepping 0 microcode 0x0, cx8, cmov, fxsr, mmx, sse, sse2, sse3, ssse3, sse4.1, sse4.2, popcnt, tsc, tscinvbit, aes, clmul, clflush

Memory: 4k page, physical 16777216k(39296k free), swap 6291456k(1174080k free)

vm_info: OpenJDK 64-Bit Server VM (17.0.7+7) for bsd-amd64 JRE (17.0.7+7), built on Apr 18 2023 21:54:37 by "temurin" with clang 4.2.1 Compatible Apple LLVM 10.0.1 (clang-1001.0.46.4)

END.
